{"/home/diogo/developer/siprysoft/serasa/back/src/errors/AppError.ts": {"path":"/home/diogo/developer/siprysoft/serasa/back/src/errors/AppError.ts","statementMap":{"0":{"start":{"line":6,"column":4},"end":{"line":6,"column":27}},"1":{"start":{"line":7,"column":4},"end":{"line":7,"column":33}},"2":{"start":{"line":1,"column":0},"end":{"line":1,"column":13}}},"fnMap":{"0":{"name":"(anonymous_0)","decl":{"start":{"line":5,"column":2},"end":{"line":5,"column":14}},"loc":{"start":{"line":5,"column":55},"end":{"line":8,"column":3}}}},"branchMap":{"0":{"loc":{"start":{"line":5,"column":31},"end":{"line":5,"column":55}},"type":"default-arg","locations":[{"start":{"line":5,"column":52},"end":{"line":5,"column":55}}]}},"s":{"0":18,"1":18,"2":6},"f":{"0":18},"b":{"0":[18]}}
,"/home/diogo/developer/siprysoft/serasa/back/src/modules/cities/entities/city.entity.ts": {"path":"/home/diogo/developer/siprysoft/serasa/back/src/modules/cities/entities/city.entity.ts","statementMap":{"0":{"start":{"line":1,"column":0},"end":{"line":1,"column":61}},"1":{"start":{"line":2,"column":0},"end":{"line":2,"column":65}},"2":{"start":{"line":3,"column":0},"end":{"line":3,"column":null}},"3":{"start":{"line":13,"column":7},"end":{"line":29,"column":null}},"4":{"start":{"line":13,"column":13},"end":{"line":13,"column":17}},"5":{"start":{"line":15,"column":2},"end":{"line":15,"column":null}},"6":{"start":{"line":18,"column":2},"end":{"line":18,"column":null}},"7":{"start":{"line":21,"column":2},"end":{"line":21,"column":null}},"8":{"start":{"line":25,"column":2},"end":{"line":25,"column":null}},"9":{"start":{"line":23,"column":19},"end":{"line":23,"column":24}},"10":{"start":{"line":23,"column":37},"end":{"line":23,"column":49}},"11":{"start":{"line":28,"column":2},"end":{"line":28,"column":null}},"12":{"start":{"line":27,"column":19},"end":{"line":27,"column":23}},"13":{"start":{"line":27,"column":35},"end":{"line":27,"column":44}},"14":{"start":{"line":13,"column":13},"end":{"line":29,"column":null}}},"fnMap":{"0":{"name":"(anonymous_2)","decl":{"start":{"line":23,"column":13},"end":{"line":23,"column":16}},"loc":{"start":{"line":23,"column":19},"end":{"line":23,"column":24}}},"1":{"name":"(anonymous_3)","decl":{"start":{"line":23,"column":26},"end":{"line":23,"column":27}},"loc":{"start":{"line":23,"column":37},"end":{"line":23,"column":49}}},"2":{"name":"(anonymous_4)","decl":{"start":{"line":27,"column":13},"end":{"line":27,"column":16}},"loc":{"start":{"line":27,"column":19},"end":{"line":27,"column":23}}},"3":{"name":"(anonymous_5)","decl":{"start":{"line":27,"column":25},"end":{"line":27,"column":26}},"loc":{"start":{"line":27,"column":35},"end":{"line":27,"column":44}}}},"branchMap":{},"s":{"0":6,"1":6,"2":6,"3":6,"4":6,"5":6,"6":6,"7":6,"8":6,"9":0,"10":0,"11":6,"12":0,"13":0,"14":6},"f":{"0":0,"1":0,"2":0,"3":0},"b":{}}
,"/home/diogo/developer/siprysoft/serasa/back/src/modules/crops/crops.service.ts": {"path":"/home/diogo/developer/siprysoft/serasa/back/src/modules/crops/crops.service.ts","statementMap":{"0":{"start":{"line":1,"column":0},"end":{"line":1,"column":44}},"1":{"start":{"line":2,"column":0},"end":{"line":2,"column":47}},"2":{"start":{"line":5,"column":0},"end":{"line":5,"column":62}},"3":{"start":{"line":8,"column":7},"end":{"line":53,"column":null}},"4":{"start":{"line":9,"column":22},"end":{"line":9,"column":38}},"5":{"start":{"line":11,"column":22},"end":{"line":11,"column":77}},"6":{"start":{"line":13,"column":4},"end":{"line":15,"column":5}},"7":{"start":{"line":14,"column":6},"end":{"line":14,"column":75}},"8":{"start":{"line":16,"column":4},"end":{"line":16,"column":57}},"9":{"start":{"line":20,"column":4},"end":{"line":20,"column":40}},"10":{"start":{"line":24,"column":4},"end":{"line":24,"column":43}},"11":{"start":{"line":28,"column":22},"end":{"line":28,"column":59}},"12":{"start":{"line":29,"column":4},"end":{"line":29,"column":55}},"13":{"start":{"line":29,"column":20},"end":{"line":29,"column":55}},"14":{"start":{"line":31,"column":23},"end":{"line":31,"column":78}},"15":{"start":{"line":32,"column":4},"end":{"line":32,"column":77}},"16":{"start":{"line":32,"column":20},"end":{"line":32,"column":77}},"17":{"start":{"line":34,"column":4},"end":{"line":41,"column":5}},"18":{"start":{"line":35,"column":18},"end":{"line":35,"column":74}},"19":{"start":{"line":36,"column":6},"end":{"line":38,"column":7}},"20":{"start":{"line":37,"column":8},"end":{"line":37,"column":57}},"21":{"start":{"line":40,"column":6},"end":{"line":40,"column":53}},"22":{"start":{"line":45,"column":22},"end":{"line":45,"column":59}},"23":{"start":{"line":46,"column":4},"end":{"line":48,"column":5}},"24":{"start":{"line":47,"column":6},"end":{"line":47,"column":47}},"25":{"start":{"line":50,"column":25},"end":{"line":50,"column":66}},"26":{"start":{"line":51,"column":4},"end":{"line":51,"column":72}},"27":{"start":{"line":51,"column":23},"end":{"line":51,"column":72}},"28":{"start":{"line":8,"column":13},"end":{"line":8,"column":25}},"29":{"start":{"line":8,"column":13},"end":{"line":53,"column":null}}},"fnMap":{"0":{"name":"(anonymous_2)","decl":{"start":{"line":9,"column":2},"end":{"line":9,"column":22}},"loc":{"start":{"line":9,"column":52},"end":{"line":9,"column":56}}},"1":{"name":"(anonymous_3)","decl":{"start":{"line":10,"column":2},"end":{"line":10,"column":7}},"loc":{"start":{"line":10,"column":43},"end":{"line":17,"column":3}}},"2":{"name":"(anonymous_4)","decl":{"start":{"line":19,"column":2},"end":{"line":19,"column":9}},"loc":{"start":{"line":19,"column":9},"end":{"line":21,"column":3}}},"3":{"name":"(anonymous_5)","decl":{"start":{"line":23,"column":2},"end":{"line":23,"column":9}},"loc":{"start":{"line":23,"column":20},"end":{"line":25,"column":3}}},"4":{"name":"(anonymous_6)","decl":{"start":{"line":27,"column":2},"end":{"line":27,"column":7}},"loc":{"start":{"line":27,"column":55},"end":{"line":42,"column":3}}},"5":{"name":"(anonymous_7)","decl":{"start":{"line":44,"column":2},"end":{"line":44,"column":7}},"loc":{"start":{"line":44,"column":25},"end":{"line":52,"column":3}}}},"branchMap":{"0":{"loc":{"start":{"line":13,"column":4},"end":{"line":15,"column":5}},"type":"if","locations":[{"start":{"line":13,"column":4},"end":{"line":15,"column":5}}]},"1":{"loc":{"start":{"line":29,"column":4},"end":{"line":29,"column":55}},"type":"if","locations":[{"start":{"line":29,"column":4},"end":{"line":29,"column":55}}]},"2":{"loc":{"start":{"line":32,"column":4},"end":{"line":32,"column":77}},"type":"if","locations":[{"start":{"line":32,"column":4},"end":{"line":32,"column":77}}]},"3":{"loc":{"start":{"line":36,"column":6},"end":{"line":38,"column":7}},"type":"if","locations":[{"start":{"line":36,"column":6},"end":{"line":38,"column":7}}]},"4":{"loc":{"start":{"line":46,"column":4},"end":{"line":48,"column":5}},"type":"if","locations":[{"start":{"line":46,"column":4},"end":{"line":48,"column":5}}]},"5":{"loc":{"start":{"line":51,"column":4},"end":{"line":51,"column":72}},"type":"if","locations":[{"start":{"line":51,"column":4},"end":{"line":51,"column":72}}]}},"s":{"0":1,"1":1,"2":1,"3":1,"4":10,"5":2,"6":2,"7":1,"8":1,"9":1,"10":1,"11":2,"12":2,"13":1,"14":1,"15":1,"16":0,"17":1,"18":1,"19":1,"20":1,"21":0,"22":3,"23":3,"24":2,"25":1,"26":1,"27":1,"28":1,"29":1},"f":{"0":10,"1":2,"2":1,"3":1,"4":2,"5":3},"b":{"0":[1],"1":[1],"2":[0],"3":[1],"4":[2],"5":[1]}}
,"/home/diogo/developer/siprysoft/serasa/back/src/modules/crops/entities/crop.entity.ts": {"path":"/home/diogo/developer/siprysoft/serasa/back/src/modules/crops/entities/crop.entity.ts","statementMap":{"0":{"start":{"line":2,"column":0},"end":{"line":2,"column":102}},"1":{"start":{"line":3,"column":0},"end":{"line":3,"column":76}},"2":{"start":{"line":4,"column":0},"end":{"line":4,"column":61}},"3":{"start":{"line":5,"column":0},"end":{"line":5,"column":null}},"4":{"start":{"line":13,"column":0},"end":{"line":13,"column":26}},"5":{"start":{"line":16,"column":7},"end":{"line":68,"column":null}},"6":{"start":{"line":64,"column":4},"end":{"line":66,"column":5}},"7":{"start":{"line":65,"column":6},"end":{"line":65,"column":21}},"8":{"start":{"line":16,"column":13},"end":{"line":16,"column":17}},"9":{"start":{"line":18,"column":2},"end":{"line":18,"column":null}},"10":{"start":{"line":21,"column":2},"end":{"line":21,"column":null}},"11":{"start":{"line":38,"column":2},"end":{"line":38,"column":null}},"12":{"start":{"line":24,"column":10},"end":{"line":24,"column":14}},"13":{"start":{"line":25,"column":14},"end":{"line":25,"column":24}},"14":{"start":{"line":55,"column":2},"end":{"line":55,"column":null}},"15":{"start":{"line":41,"column":10},"end":{"line":41,"column":26}},"16":{"start":{"line":61,"column":2},"end":{"line":61,"column":null}},"17":{"start":{"line":58,"column":10},"end":{"line":58,"column":18}},"18":{"start":{"line":59,"column":18},"end":{"line":59,"column":32}},"19":{"start":{"line":16,"column":13},"end":{"line":68,"column":null}}},"fnMap":{"0":{"name":"(anonymous_2)","decl":{"start":{"line":63,"column":2},"end":{"line":63,"column":null}},"loc":{"start":{"line":63,"column":2},"end":{"line":67,"column":3}}},"1":{"name":"(anonymous_3)","decl":{"start":{"line":24,"column":4},"end":{"line":24,"column":7}},"loc":{"start":{"line":24,"column":10},"end":{"line":24,"column":14}}},"2":{"name":"(anonymous_4)","decl":{"start":{"line":25,"column":4},"end":{"line":25,"column":5}},"loc":{"start":{"line":25,"column":14},"end":{"line":25,"column":24}}},"3":{"name":"(anonymous_5)","decl":{"start":{"line":41,"column":4},"end":{"line":41,"column":7}},"loc":{"start":{"line":41,"column":10},"end":{"line":41,"column":26}}},"4":{"name":"(anonymous_6)","decl":{"start":{"line":58,"column":4},"end":{"line":58,"column":7}},"loc":{"start":{"line":58,"column":10},"end":{"line":58,"column":18}}},"5":{"name":"(anonymous_7)","decl":{"start":{"line":59,"column":4},"end":{"line":59,"column":5}},"loc":{"start":{"line":59,"column":18},"end":{"line":59,"column":32}}}},"branchMap":{"0":{"loc":{"start":{"line":64,"column":4},"end":{"line":66,"column":5}},"type":"if","locations":[{"start":{"line":64,"column":4},"end":{"line":66,"column":5}}]}},"s":{"0":6,"1":6,"2":6,"3":6,"4":6,"5":6,"6":0,"7":0,"8":6,"9":6,"10":6,"11":6,"12":0,"13":0,"14":6,"15":0,"16":6,"17":0,"18":0,"19":6},"f":{"0":0,"1":0,"2":0,"3":0,"4":0,"5":0},"b":{"0":[0]}}
,"/home/diogo/developer/siprysoft/serasa/back/src/modules/crops/repository/crop.repository.ts": {"path":"/home/diogo/developer/siprysoft/serasa/back/src/modules/crops/repository/crop.repository.ts","statementMap":{"0":{"start":{"line":1,"column":0},"end":{"line":1,"column":44}},"1":{"start":{"line":2,"column":0},"end":{"line":2,"column":49}},"2":{"start":{"line":4,"column":0},"end":{"line":4,"column":47}},"3":{"start":{"line":7,"column":7},"end":{"line":50,"column":null}},"4":{"start":{"line":9,"column":4},"end":{"line":9,"column":50}},"5":{"start":{"line":13,"column":17},"end":{"line":13,"column":27}},"6":{"start":{"line":14,"column":4},"end":{"line":14,"column":30}},"7":{"start":{"line":16,"column":20},"end":{"line":16,"column":41}},"8":{"start":{"line":17,"column":4},"end":{"line":17,"column":19}},"9":{"start":{"line":21,"column":4},"end":{"line":21,"column":23}},"10":{"start":{"line":25,"column":4},"end":{"line":25,"column":45}},"11":{"start":{"line":28,"column":4},"end":{"line":28,"column":23}},"12":{"start":{"line":32,"column":4},"end":{"line":34,"column":7}},"13":{"start":{"line":38,"column":4},"end":{"line":40,"column":7}},"14":{"start":{"line":44,"column":4},"end":{"line":44,"column":37}},"15":{"start":{"line":48,"column":4},"end":{"line":48,"column":31}},"16":{"start":{"line":7,"column":13},"end":{"line":7,"column":27}},"17":{"start":{"line":7,"column":13},"end":{"line":50,"column":null}}},"fnMap":{"0":{"name":"(anonymous_2)","decl":{"start":{"line":8,"column":2},"end":{"line":8,"column":14}},"loc":{"start":{"line":8,"column":36},"end":{"line":10,"column":3}}},"1":{"name":"(anonymous_3)","decl":{"start":{"line":12,"column":2},"end":{"line":12,"column":7}},"loc":{"start":{"line":12,"column":38},"end":{"line":18,"column":3}}},"2":{"name":"(anonymous_4)","decl":{"start":{"line":20,"column":2},"end":{"line":20,"column":8}},"loc":{"start":{"line":20,"column":8},"end":{"line":22,"column":3}}},"3":{"name":"(anonymous_5)","decl":{"start":{"line":24,"column":2},"end":{"line":24,"column":11}},"loc":{"start":{"line":24,"column":24},"end":{"line":26,"column":3}}},"4":{"name":"(anonymous_6)","decl":{"start":{"line":27,"column":2},"end":{"line":27,"column":17}},"loc":{"start":{"line":27,"column":28},"end":{"line":29,"column":3}}},"5":{"name":"(anonymous_7)","decl":{"start":{"line":31,"column":2},"end":{"line":31,"column":9}},"loc":{"start":{"line":31,"column":20},"end":{"line":35,"column":3}}},"6":{"name":"(anonymous_8)","decl":{"start":{"line":37,"column":2},"end":{"line":37,"column":18}},"loc":{"start":{"line":37,"column":29},"end":{"line":41,"column":3}}},"7":{"name":"(anonymous_9)","decl":{"start":{"line":43,"column":2},"end":{"line":43,"column":13}},"loc":{"start":{"line":43,"column":35},"end":{"line":45,"column":3}}},"8":{"name":"(anonymous_10)","decl":{"start":{"line":47,"column":2},"end":{"line":47,"column":13}},"loc":{"start":{"line":47,"column":24},"end":{"line":49,"column":3}}}},"branchMap":{},"s":{"0":1,"1":1,"2":1,"3":1,"4":0,"5":0,"6":0,"7":0,"8":0,"9":0,"10":0,"11":0,"12":0,"13":0,"14":0,"15":0,"16":1,"17":1},"f":{"0":0,"1":0,"2":0,"3":0,"4":0,"5":0,"6":0,"7":0,"8":0},"b":{}}
,"/home/diogo/developer/siprysoft/serasa/back/src/modules/cultures/cultures.service.ts": {"path":"/home/diogo/developer/siprysoft/serasa/back/src/modules/cultures/cultures.service.ts","statementMap":{"0":{"start":{"line":1,"column":0},"end":{"line":1,"column":44}},"1":{"start":{"line":2,"column":0},"end":{"line":2,"column":47}},"2":{"start":{"line":5,"column":0},"end":{"line":5,"column":68}},"3":{"start":{"line":8,"column":7},"end":{"line":51,"column":null}},"4":{"start":{"line":9,"column":22},"end":{"line":9,"column":41}},"5":{"start":{"line":12,"column":25},"end":{"line":13,"column":null}},"6":{"start":{"line":16,"column":4},"end":{"line":18,"column":5}},"7":{"start":{"line":17,"column":6},"end":{"line":17,"column":77}},"8":{"start":{"line":19,"column":4},"end":{"line":19,"column":66}},"9":{"start":{"line":23,"column":4},"end":{"line":23,"column":43}},"10":{"start":{"line":27,"column":4},"end":{"line":27,"column":46}},"11":{"start":{"line":31,"column":25},"end":{"line":31,"column":65}},"12":{"start":{"line":32,"column":4},"end":{"line":34,"column":5}},"13":{"start":{"line":33,"column":6},"end":{"line":33,"column":56}},"14":{"start":{"line":36,"column":25},"end":{"line":38,"column":null}},"15":{"start":{"line":40,"column":4},"end":{"line":40,"column":74}},"16":{"start":{"line":40,"column":23},"end":{"line":40,"column":74}},"17":{"start":{"line":44,"column":25},"end":{"line":44,"column":65}},"18":{"start":{"line":45,"column":4},"end":{"line":47,"column":5}},"19":{"start":{"line":46,"column":6},"end":{"line":46,"column":56}},"20":{"start":{"line":49,"column":4},"end":{"line":49,"column":53}},"21":{"start":{"line":8,"column":13},"end":{"line":8,"column":28}},"22":{"start":{"line":8,"column":13},"end":{"line":51,"column":null}}},"fnMap":{"0":{"name":"(anonymous_2)","decl":{"start":{"line":9,"column":2},"end":{"line":9,"column":22}},"loc":{"start":{"line":9,"column":58},"end":{"line":9,"column":62}}},"1":{"name":"(anonymous_3)","decl":{"start":{"line":11,"column":2},"end":{"line":11,"column":7}},"loc":{"start":{"line":11,"column":49},"end":{"line":20,"column":3}}},"2":{"name":"(anonymous_4)","decl":{"start":{"line":22,"column":2},"end":{"line":22,"column":9}},"loc":{"start":{"line":22,"column":9},"end":{"line":24,"column":3}}},"3":{"name":"(anonymous_5)","decl":{"start":{"line":26,"column":2},"end":{"line":26,"column":9}},"loc":{"start":{"line":26,"column":20},"end":{"line":28,"column":3}}},"4":{"name":"(anonymous_6)","decl":{"start":{"line":30,"column":2},"end":{"line":30,"column":7}},"loc":{"start":{"line":30,"column":61},"end":{"line":41,"column":3}}},"5":{"name":"(anonymous_7)","decl":{"start":{"line":43,"column":2},"end":{"line":43,"column":7}},"loc":{"start":{"line":43,"column":25},"end":{"line":50,"column":3}}}},"branchMap":{"0":{"loc":{"start":{"line":16,"column":4},"end":{"line":18,"column":5}},"type":"if","locations":[{"start":{"line":16,"column":4},"end":{"line":18,"column":5}}]},"1":{"loc":{"start":{"line":32,"column":4},"end":{"line":34,"column":5}},"type":"if","locations":[{"start":{"line":32,"column":4},"end":{"line":34,"column":5}}]},"2":{"loc":{"start":{"line":40,"column":4},"end":{"line":40,"column":74}},"type":"if","locations":[{"start":{"line":40,"column":4},"end":{"line":40,"column":74}}]},"3":{"loc":{"start":{"line":45,"column":4},"end":{"line":47,"column":5}},"type":"if","locations":[{"start":{"line":45,"column":4},"end":{"line":47,"column":5}}]}},"s":{"0":1,"1":1,"2":1,"3":1,"4":10,"5":2,"6":2,"7":1,"8":1,"9":1,"10":1,"11":2,"12":2,"13":1,"14":1,"15":1,"16":1,"17":3,"18":3,"19":2,"20":1,"21":1,"22":1},"f":{"0":10,"1":2,"2":1,"3":1,"4":2,"5":3},"b":{"0":[1],"1":[1],"2":[1],"3":[2]}}
,"/home/diogo/developer/siprysoft/serasa/back/src/modules/cultures/entities/culture.entity.ts": {"path":"/home/diogo/developer/siprysoft/serasa/back/src/modules/cultures/entities/culture.entity.ts","statementMap":{"0":{"start":{"line":1,"column":0},"end":{"line":1,"column":76}},"1":{"start":{"line":2,"column":0},"end":{"line":2,"column":79}},"2":{"start":{"line":3,"column":0},"end":{"line":3,"column":26}},"3":{"start":{"line":6,"column":7},"end":{"line":43,"column":null}},"4":{"start":{"line":39,"column":4},"end":{"line":41,"column":5}},"5":{"start":{"line":40,"column":6},"end":{"line":40,"column":21}},"6":{"start":{"line":6,"column":13},"end":{"line":6,"column":20}},"7":{"start":{"line":8,"column":2},"end":{"line":8,"column":null}},"8":{"start":{"line":11,"column":2},"end":{"line":11,"column":null}},"9":{"start":{"line":36,"column":2},"end":{"line":36,"column":null}},"10":{"start":{"line":14,"column":10},"end":{"line":14,"column":18}},"11":{"start":{"line":15,"column":18},"end":{"line":15,"column":35}},"12":{"start":{"line":6,"column":13},"end":{"line":43,"column":null}}},"fnMap":{"0":{"name":"(anonymous_2)","decl":{"start":{"line":38,"column":2},"end":{"line":38,"column":null}},"loc":{"start":{"line":38,"column":2},"end":{"line":42,"column":3}}},"1":{"name":"(anonymous_3)","decl":{"start":{"line":14,"column":4},"end":{"line":14,"column":7}},"loc":{"start":{"line":14,"column":10},"end":{"line":14,"column":18}}},"2":{"name":"(anonymous_4)","decl":{"start":{"line":15,"column":4},"end":{"line":15,"column":5}},"loc":{"start":{"line":15,"column":18},"end":{"line":15,"column":35}}}},"branchMap":{"0":{"loc":{"start":{"line":39,"column":4},"end":{"line":41,"column":5}},"type":"if","locations":[{"start":{"line":39,"column":4},"end":{"line":41,"column":5}}]}},"s":{"0":6,"1":6,"2":6,"3":6,"4":0,"5":0,"6":6,"7":6,"8":6,"9":6,"10":0,"11":0,"12":6},"f":{"0":0,"1":0,"2":0},"b":{"0":[0]}}
,"/home/diogo/developer/siprysoft/serasa/back/src/modules/cultures/repository/culture.repository.ts": {"path":"/home/diogo/developer/siprysoft/serasa/back/src/modules/cultures/repository/culture.repository.ts","statementMap":{"0":{"start":{"line":1,"column":0},"end":{"line":1,"column":44}},"1":{"start":{"line":2,"column":0},"end":{"line":2,"column":55}},"2":{"start":{"line":4,"column":0},"end":{"line":4,"column":53}},"3":{"start":{"line":7,"column":7},"end":{"line":52,"column":null}},"4":{"start":{"line":9,"column":4},"end":{"line":9,"column":53}},"5":{"start":{"line":13,"column":20},"end":{"line":13,"column":33}},"6":{"start":{"line":14,"column":4},"end":{"line":14,"column":33}},"7":{"start":{"line":16,"column":23},"end":{"line":16,"column":47}},"8":{"start":{"line":17,"column":4},"end":{"line":17,"column":22}},"9":{"start":{"line":21,"column":4},"end":{"line":21,"column":23}},"10":{"start":{"line":25,"column":4},"end":{"line":27,"column":16}},"11":{"start":{"line":30,"column":4},"end":{"line":30,"column":23}},"12":{"start":{"line":34,"column":4},"end":{"line":36,"column":7}},"13":{"start":{"line":40,"column":4},"end":{"line":42,"column":7}},"14":{"start":{"line":46,"column":4},"end":{"line":46,"column":37}},"15":{"start":{"line":50,"column":4},"end":{"line":50,"column":31}},"16":{"start":{"line":7,"column":13},"end":{"line":7,"column":30}},"17":{"start":{"line":7,"column":13},"end":{"line":52,"column":null}}},"fnMap":{"0":{"name":"(anonymous_2)","decl":{"start":{"line":8,"column":2},"end":{"line":8,"column":14}},"loc":{"start":{"line":8,"column":36},"end":{"line":10,"column":3}}},"1":{"name":"(anonymous_3)","decl":{"start":{"line":12,"column":2},"end":{"line":12,"column":7}},"loc":{"start":{"line":12,"column":44},"end":{"line":18,"column":3}}},"2":{"name":"(anonymous_4)","decl":{"start":{"line":20,"column":2},"end":{"line":20,"column":8}},"loc":{"start":{"line":20,"column":8},"end":{"line":22,"column":3}}},"3":{"name":"(anonymous_5)","decl":{"start":{"line":24,"column":2},"end":{"line":24,"column":11}},"loc":{"start":{"line":24,"column":24},"end":{"line":28,"column":3}}},"4":{"name":"(anonymous_6)","decl":{"start":{"line":29,"column":2},"end":{"line":29,"column":17}},"loc":{"start":{"line":29,"column":28},"end":{"line":31,"column":3}}},"5":{"name":"(anonymous_7)","decl":{"start":{"line":33,"column":2},"end":{"line":33,"column":9}},"loc":{"start":{"line":33,"column":20},"end":{"line":37,"column":3}}},"6":{"name":"(anonymous_8)","decl":{"start":{"line":39,"column":2},"end":{"line":39,"column":18}},"loc":{"start":{"line":39,"column":29},"end":{"line":43,"column":3}}},"7":{"name":"(anonymous_9)","decl":{"start":{"line":45,"column":2},"end":{"line":45,"column":16}},"loc":{"start":{"line":45,"column":38},"end":{"line":47,"column":3}}},"8":{"name":"(anonymous_10)","decl":{"start":{"line":49,"column":2},"end":{"line":49,"column":16}},"loc":{"start":{"line":49,"column":27},"end":{"line":51,"column":3}}}},"branchMap":{},"s":{"0":1,"1":1,"2":1,"3":1,"4":0,"5":0,"6":0,"7":0,"8":0,"9":0,"10":0,"11":0,"12":0,"13":0,"14":0,"15":0,"16":1,"17":1},"f":{"0":0,"1":0,"2":0,"3":0,"4":0,"5":0,"6":0,"7":0,"8":0},"b":{}}
,"/home/diogo/developer/siprysoft/serasa/back/src/modules/farm/farm.service.ts": {"path":"/home/diogo/developer/siprysoft/serasa/back/src/modules/farm/farm.service.ts","statementMap":{"0":{"start":{"line":1,"column":0},"end":{"line":1,"column":44}},"1":{"start":{"line":2,"column":0},"end":{"line":2,"column":47}},"2":{"start":{"line":3,"column":0},"end":{"line":3,"column":80}},"3":{"start":{"line":6,"column":0},"end":{"line":6,"column":62}},"4":{"start":{"line":9,"column":7},"end":{"line":69,"column":null}},"5":{"start":{"line":11,"column":12},"end":{"line":11,"column":28}},"6":{"start":{"line":12,"column":12},"end":{"line":12,"column":32}},"7":{"start":{"line":15,"column":57},"end":{"line":15,"column":70}},"8":{"start":{"line":16,"column":26},"end":{"line":17,"column":null}},"9":{"start":{"line":20,"column":22},"end":{"line":20,"column":51}},"10":{"start":{"line":22,"column":4},"end":{"line":26,"column":5}},"11":{"start":{"line":23,"column":6},"end":{"line":25,"column":8}},"12":{"start":{"line":27,"column":4},"end":{"line":29,"column":5}},"13":{"start":{"line":28,"column":6},"end":{"line":28,"column":50}},"14":{"start":{"line":31,"column":4},"end":{"line":31,"column":57}},"15":{"start":{"line":35,"column":4},"end":{"line":35,"column":51}},"16":{"start":{"line":38,"column":18},"end":{"line":38,"column":52}},"17":{"start":{"line":39,"column":4},"end":{"line":39,"column":17}},"18":{"start":{"line":43,"column":4},"end":{"line":43,"column":43}},"19":{"start":{"line":47,"column":22},"end":{"line":47,"column":59}},"20":{"start":{"line":48,"column":4},"end":{"line":50,"column":5}},"21":{"start":{"line":49,"column":6},"end":{"line":49,"column":55}},"22":{"start":{"line":51,"column":25},"end":{"line":53,"column":14}},"23":{"start":{"line":54,"column":4},"end":{"line":58,"column":5}},"24":{"start":{"line":55,"column":6},"end":{"line":57,"column":8}},"25":{"start":{"line":62,"column":22},"end":{"line":62,"column":59}},"26":{"start":{"line":63,"column":4},"end":{"line":63,"column":69}},"27":{"start":{"line":63,"column":20},"end":{"line":63,"column":69}},"28":{"start":{"line":64,"column":4},"end":{"line":64,"column":45}},"29":{"start":{"line":65,"column":4},"end":{"line":67,"column":6}},"30":{"start":{"line":9,"column":13},"end":{"line":9,"column":24}},"31":{"start":{"line":9,"column":13},"end":{"line":69,"column":null}}},"fnMap":{"0":{"name":"(anonymous_2)","decl":{"start":{"line":10,"column":2},"end":{"line":10,"column":null}},"loc":{"start":{"line":12,"column":50},"end":{"line":13,"column":6}}},"1":{"name":"(anonymous_3)","decl":{"start":{"line":14,"column":2},"end":{"line":14,"column":7}},"loc":{"start":{"line":14,"column":43},"end":{"line":32,"column":3}}},"2":{"name":"(anonymous_4)","decl":{"start":{"line":34,"column":2},"end":{"line":34,"column":18}},"loc":{"start":{"line":34,"column":29},"end":{"line":36,"column":3}}},"3":{"name":"(anonymous_5)","decl":{"start":{"line":37,"column":2},"end":{"line":37,"column":7}},"loc":{"start":{"line":37,"column":15},"end":{"line":40,"column":3}}},"4":{"name":"(anonymous_6)","decl":{"start":{"line":42,"column":2},"end":{"line":42,"column":9}},"loc":{"start":{"line":42,"column":20},"end":{"line":44,"column":3}}},"5":{"name":"(anonymous_7)","decl":{"start":{"line":46,"column":2},"end":{"line":46,"column":7}},"loc":{"start":{"line":46,"column":55},"end":{"line":59,"column":3}}},"6":{"name":"(anonymous_8)","decl":{"start":{"line":61,"column":2},"end":{"line":61,"column":7}},"loc":{"start":{"line":61,"column":25},"end":{"line":68,"column":3}}}},"branchMap":{"0":{"loc":{"start":{"line":22,"column":4},"end":{"line":26,"column":5}},"type":"if","locations":[{"start":{"line":22,"column":4},"end":{"line":26,"column":5}}]},"1":{"loc":{"start":{"line":27,"column":4},"end":{"line":29,"column":5}},"type":"if","locations":[{"start":{"line":27,"column":4},"end":{"line":29,"column":5}}]},"2":{"loc":{"start":{"line":48,"column":4},"end":{"line":50,"column":5}},"type":"if","locations":[{"start":{"line":48,"column":4},"end":{"line":50,"column":5}}]},"3":{"loc":{"start":{"line":54,"column":4},"end":{"line":58,"column":5}},"type":"if","locations":[{"start":{"line":54,"column":4},"end":{"line":58,"column":5}}]},"4":{"loc":{"start":{"line":63,"column":4},"end":{"line":63,"column":69}},"type":"if","locations":[{"start":{"line":63,"column":4},"end":{"line":63,"column":69}}]}},"s":{"0":1,"1":1,"2":1,"3":1,"4":1,"5":12,"6":12,"7":4,"8":4,"9":4,"10":4,"11":1,"12":3,"13":2,"14":1,"15":0,"16":1,"17":1,"18":1,"19":2,"20":2,"21":1,"22":1,"23":1,"24":1,"25":3,"26":3,"27":2,"28":1,"29":1,"30":1,"31":1},"f":{"0":12,"1":4,"2":0,"3":1,"4":1,"5":2,"6":3},"b":{"0":[1],"1":[2],"2":[1],"3":[1],"4":[2]}}
,"/home/diogo/developer/siprysoft/serasa/back/src/modules/farm.crops.cultures/farm.crops.cultures.service.ts": {"path":"/home/diogo/developer/siprysoft/serasa/back/src/modules/farm.crops.cultures/farm.crops.cultures.service.ts","statementMap":{"0":{"start":{"line":1,"column":0},"end":{"line":1,"column":44}},"1":{"start":{"line":2,"column":0},"end":{"line":2,"column":47}},"2":{"start":{"line":4,"column":0},"end":{"line":4,"column":88}},"3":{"start":{"line":7,"column":7},"end":{"line":33,"column":null}},"4":{"start":{"line":8,"column":22},"end":{"line":8,"column":49}},"5":{"start":{"line":11,"column":22},"end":{"line":12,"column":null}},"6":{"start":{"line":15,"column":4},"end":{"line":15,"column":63}},"7":{"start":{"line":15,"column":19},"end":{"line":15,"column":63}},"8":{"start":{"line":16,"column":4},"end":{"line":19,"column":22}},"9":{"start":{"line":17,"column":6},"end":{"line":17,"column":77}},"10":{"start":{"line":18,"column":6},"end":{"line":18,"column":46}},"11":{"start":{"line":23,"column":4},"end":{"line":23,"column":51}},"12":{"start":{"line":27,"column":4},"end":{"line":27,"column":59}},"13":{"start":{"line":31,"column":4},"end":{"line":31,"column":59}},"14":{"start":{"line":7,"column":13},"end":{"line":7,"column":37}},"15":{"start":{"line":7,"column":13},"end":{"line":33,"column":null}}},"fnMap":{"0":{"name":"(anonymous_2)","decl":{"start":{"line":8,"column":2},"end":{"line":8,"column":22}},"loc":{"start":{"line":8,"column":74},"end":{"line":8,"column":78}}},"1":{"name":"(anonymous_3)","decl":{"start":{"line":10,"column":2},"end":{"line":10,"column":7}},"loc":{"start":{"line":10,"column":67},"end":{"line":20,"column":3}}},"2":{"name":"(anonymous_4)","decl":{"start":{"line":22,"column":2},"end":{"line":22,"column":9}},"loc":{"start":{"line":22,"column":9},"end":{"line":24,"column":3}}},"3":{"name":"(anonymous_5)","decl":{"start":{"line":26,"column":2},"end":{"line":26,"column":9}},"loc":{"start":{"line":26,"column":20},"end":{"line":28,"column":3}}},"4":{"name":"(anonymous_6)","decl":{"start":{"line":30,"column":2},"end":{"line":30,"column":8}},"loc":{"start":{"line":30,"column":19},"end":{"line":32,"column":3}}}},"branchMap":{"0":{"loc":{"start":{"line":15,"column":4},"end":{"line":15,"column":63}},"type":"if","locations":[{"start":{"line":15,"column":4},"end":{"line":15,"column":63}}]}},"s":{"0":1,"1":1,"2":1,"3":1,"4":1,"5":0,"6":0,"7":0,"8":0,"9":0,"10":0,"11":0,"12":0,"13":0,"14":1,"15":1},"f":{"0":1,"1":0,"2":0,"3":0,"4":0},"b":{"0":[0]}}
,"/home/diogo/developer/siprysoft/serasa/back/src/modules/farm.crops.cultures/entities/farm.crops.culture.entity.ts": {"path":"/home/diogo/developer/siprysoft/serasa/back/src/modules/farm.crops.cultures/entities/farm.crops.culture.entity.ts","statementMap":{"0":{"start":{"line":1,"column":0},"end":{"line":1,"column":62}},"1":{"start":{"line":2,"column":0},"end":{"line":2,"column":71}},"2":{"start":{"line":3,"column":0},"end":{"line":3,"column":76}},"3":{"start":{"line":4,"column":0},"end":{"line":4,"column":null}},"4":{"start":{"line":17,"column":7},"end":{"line":62,"column":null}},"5":{"start":{"line":17,"column":13},"end":{"line":17,"column":29}},"6":{"start":{"line":19,"column":2},"end":{"line":19,"column":null}},"7":{"start":{"line":22,"column":2},"end":{"line":22,"column":null}},"8":{"start":{"line":25,"column":2},"end":{"line":25,"column":null}},"9":{"start":{"line":28,"column":2},"end":{"line":28,"column":null}},"10":{"start":{"line":40,"column":2},"end":{"line":40,"column":null}},"11":{"start":{"line":31,"column":14},"end":{"line":31,"column":22}},"12":{"start":{"line":33,"column":6},"end":{"line":33,"column":32}},"13":{"start":{"line":44,"column":2},"end":{"line":44,"column":null}},"14":{"start":{"line":42,"column":23},"end":{"line":42,"column":30}},"15":{"start":{"line":42,"column":45},"end":{"line":42,"column":55}},"16":{"start":{"line":61,"column":2},"end":{"line":61,"column":null}},"17":{"start":{"line":47,"column":10},"end":{"line":47,"column":14}},"18":{"start":{"line":48,"column":14},"end":{"line":48,"column":36}},"19":{"start":{"line":17,"column":13},"end":{"line":62,"column":null}}},"fnMap":{"0":{"name":"(anonymous_2)","decl":{"start":{"line":31,"column":4},"end":{"line":31,"column":5}},"loc":{"start":{"line":31,"column":14},"end":{"line":31,"column":22}}},"1":{"name":"(anonymous_3)","decl":{"start":{"line":32,"column":4},"end":{"line":32,"column":5}},"loc":{"start":{"line":32,"column":17},"end":{"line":34,"column":5}}},"2":{"name":"(anonymous_4)","decl":{"start":{"line":42,"column":13},"end":{"line":42,"column":14}},"loc":{"start":{"line":42,"column":23},"end":{"line":42,"column":30}}},"3":{"name":"(anonymous_5)","decl":{"start":{"line":42,"column":32},"end":{"line":42,"column":33}},"loc":{"start":{"line":42,"column":45},"end":{"line":42,"column":55}}},"4":{"name":"(anonymous_6)","decl":{"start":{"line":47,"column":4},"end":{"line":47,"column":7}},"loc":{"start":{"line":47,"column":10},"end":{"line":47,"column":14}}},"5":{"name":"(anonymous_7)","decl":{"start":{"line":48,"column":4},"end":{"line":48,"column":5}},"loc":{"start":{"line":48,"column":14},"end":{"line":48,"column":36}}}},"branchMap":{},"s":{"0":6,"1":6,"2":6,"3":6,"4":6,"5":6,"6":6,"7":6,"8":6,"9":6,"10":6,"11":0,"12":0,"13":6,"14":0,"15":0,"16":6,"17":0,"18":0,"19":6},"f":{"0":0,"1":0,"2":0,"3":0,"4":0,"5":0},"b":{}}
,"/home/diogo/developer/siprysoft/serasa/back/src/modules/farm.crops.cultures/repository/farm.crops.cultures.repository.ts": {"path":"/home/diogo/developer/siprysoft/serasa/back/src/modules/farm.crops.cultures/repository/farm.crops.cultures.repository.ts","statementMap":{"0":{"start":{"line":1,"column":0},"end":{"line":1,"column":44}},"1":{"start":{"line":2,"column":0},"end":{"line":2,"column":49}},"2":{"start":{"line":4,"column":0},"end":{"line":4,"column":73}},"3":{"start":{"line":7,"column":7},"end":{"line":34,"column":null}},"4":{"start":{"line":9,"column":4},"end":{"line":9,"column":62}},"5":{"start":{"line":13,"column":29},"end":{"line":13,"column":51}},"6":{"start":{"line":15,"column":4},"end":{"line":15,"column":42}},"7":{"start":{"line":17,"column":20},"end":{"line":17,"column":55}},"8":{"start":{"line":18,"column":4},"end":{"line":18,"column":19}},"9":{"start":{"line":22,"column":4},"end":{"line":22,"column":23}},"10":{"start":{"line":26,"column":4},"end":{"line":28,"column":7}},"11":{"start":{"line":7,"column":13},"end":{"line":7,"column":38}},"12":{"start":{"line":7,"column":13},"end":{"line":34,"column":null}}},"fnMap":{"0":{"name":"(anonymous_2)","decl":{"start":{"line":8,"column":2},"end":{"line":8,"column":14}},"loc":{"start":{"line":8,"column":36},"end":{"line":10,"column":3}}},"1":{"name":"(anonymous_3)","decl":{"start":{"line":12,"column":2},"end":{"line":12,"column":7}},"loc":{"start":{"line":12,"column":47},"end":{"line":19,"column":3}}},"2":{"name":"(anonymous_4)","decl":{"start":{"line":21,"column":2},"end":{"line":21,"column":8}},"loc":{"start":{"line":21,"column":8},"end":{"line":23,"column":3}}},"3":{"name":"(anonymous_5)","decl":{"start":{"line":25,"column":2},"end":{"line":25,"column":13}},"loc":{"start":{"line":25,"column":49},"end":{"line":29,"column":3}}},"4":{"name":"(anonymous_6)","decl":{"start":{"line":31,"column":2},"end":{"line":31,"column":12}},"loc":{"start":{"line":31,"column":23},"end":{"line":33,"column":3}}}},"branchMap":{},"s":{"0":1,"1":1,"2":1,"3":1,"4":0,"5":0,"6":0,"7":0,"8":0,"9":0,"10":0,"11":1,"12":1},"f":{"0":0,"1":0,"2":0,"3":0,"4":0},"b":{}}
,"/home/diogo/developer/siprysoft/serasa/back/src/modules/farm.crops/entities/farm.crop.entity.ts": {"path":"/home/diogo/developer/siprysoft/serasa/back/src/modules/farm.crops/entities/farm.crop.entity.ts","statementMap":{"0":{"start":{"line":1,"column":0},"end":{"line":1,"column":62}},"1":{"start":{"line":2,"column":0},"end":{"line":2,"column":71}},"2":{"start":{"line":3,"column":0},"end":{"line":3,"column":102}},"3":{"start":{"line":4,"column":0},"end":{"line":4,"column":61}},"4":{"start":{"line":5,"column":0},"end":{"line":5,"column":null}},"5":{"start":{"line":19,"column":7},"end":{"line":68,"column":null}},"6":{"start":{"line":19,"column":13},"end":{"line":19,"column":21}},"7":{"start":{"line":21,"column":2},"end":{"line":21,"column":null}},"8":{"start":{"line":24,"column":2},"end":{"line":24,"column":null}},"9":{"start":{"line":28,"column":2},"end":{"line":28,"column":null}},"10":{"start":{"line":26,"column":23},"end":{"line":26,"column":27}},"11":{"start":{"line":26,"column":39},"end":{"line":26,"column":53}},"12":{"start":{"line":32,"column":2},"end":{"line":32,"column":null}},"13":{"start":{"line":30,"column":23},"end":{"line":30,"column":27}},"14":{"start":{"line":30,"column":39},"end":{"line":30,"column":46}},"15":{"start":{"line":57,"column":2},"end":{"line":57,"column":null}},"16":{"start":{"line":35,"column":10},"end":{"line":35,"column":17}},"17":{"start":{"line":36,"column":17},"end":{"line":36,"column":34}},"18":{"start":{"line":67,"column":2},"end":{"line":67,"column":null}},"19":{"start":{"line":60,"column":10},"end":{"line":60,"column":26}},"20":{"start":{"line":61,"column":26},"end":{"line":61,"column":51}},"21":{"start":{"line":19,"column":13},"end":{"line":68,"column":null}}},"fnMap":{"0":{"name":"(anonymous_2)","decl":{"start":{"line":26,"column":13},"end":{"line":26,"column":14}},"loc":{"start":{"line":26,"column":23},"end":{"line":26,"column":27}}},"1":{"name":"(anonymous_3)","decl":{"start":{"line":26,"column":29},"end":{"line":26,"column":30}},"loc":{"start":{"line":26,"column":39},"end":{"line":26,"column":53}}},"2":{"name":"(anonymous_4)","decl":{"start":{"line":30,"column":13},"end":{"line":30,"column":14}},"loc":{"start":{"line":30,"column":23},"end":{"line":30,"column":27}}},"3":{"name":"(anonymous_5)","decl":{"start":{"line":30,"column":29},"end":{"line":30,"column":30}},"loc":{"start":{"line":30,"column":39},"end":{"line":30,"column":46}}},"4":{"name":"(anonymous_6)","decl":{"start":{"line":35,"column":4},"end":{"line":35,"column":7}},"loc":{"start":{"line":35,"column":10},"end":{"line":35,"column":17}}},"5":{"name":"(anonymous_7)","decl":{"start":{"line":36,"column":4},"end":{"line":36,"column":5}},"loc":{"start":{"line":36,"column":17},"end":{"line":36,"column":34}}},"6":{"name":"(anonymous_8)","decl":{"start":{"line":60,"column":4},"end":{"line":60,"column":7}},"loc":{"start":{"line":60,"column":10},"end":{"line":60,"column":26}}},"7":{"name":"(anonymous_9)","decl":{"start":{"line":61,"column":4},"end":{"line":61,"column":5}},"loc":{"start":{"line":61,"column":26},"end":{"line":61,"column":51}}}},"branchMap":{},"s":{"0":6,"1":6,"2":6,"3":6,"4":6,"5":6,"6":6,"7":6,"8":6,"9":6,"10":0,"11":0,"12":6,"13":0,"14":0,"15":6,"16":0,"17":0,"18":6,"19":0,"20":0,"21":6},"f":{"0":0,"1":0,"2":0,"3":0,"4":0,"5":0,"6":0,"7":0},"b":{}}
,"/home/diogo/developer/siprysoft/serasa/back/src/modules/farm/entities/farm.entity.ts": {"path":"/home/diogo/developer/siprysoft/serasa/back/src/modules/farm/entities/farm.entity.ts","statementMap":{"0":{"start":{"line":1,"column":0},"end":{"line":1,"column":63}},"1":{"start":{"line":2,"column":0},"end":{"line":2,"column":62}},"2":{"start":{"line":3,"column":0},"end":{"line":3,"column":76}},"3":{"start":{"line":4,"column":0},"end":{"line":4,"column":73}},"4":{"start":{"line":5,"column":0},"end":{"line":5,"column":null}},"5":{"start":{"line":18,"column":0},"end":{"line":18,"column":26}},"6":{"start":{"line":21,"column":7},"end":{"line":94,"column":null}},"7":{"start":{"line":90,"column":4},"end":{"line":92,"column":5}},"8":{"start":{"line":91,"column":6},"end":{"line":91,"column":21}},"9":{"start":{"line":21,"column":13},"end":{"line":21,"column":17}},"10":{"start":{"line":23,"column":2},"end":{"line":23,"column":null}},"11":{"start":{"line":26,"column":2},"end":{"line":26,"column":null}},"12":{"start":{"line":29,"column":2},"end":{"line":29,"column":null}},"13":{"start":{"line":32,"column":2},"end":{"line":32,"column":null}},"14":{"start":{"line":35,"column":2},"end":{"line":35,"column":null}},"15":{"start":{"line":38,"column":2},"end":{"line":38,"column":null}},"16":{"start":{"line":41,"column":2},"end":{"line":41,"column":null}},"17":{"start":{"line":47,"column":2},"end":{"line":47,"column":null}},"18":{"start":{"line":54,"column":2},"end":{"line":54,"column":null}},"19":{"start":{"line":51,"column":19},"end":{"line":51,"column":41}},"20":{"start":{"line":57,"column":2},"end":{"line":57,"column":null}},"21":{"start":{"line":61,"column":2},"end":{"line":61,"column":null}},"22":{"start":{"line":59,"column":19},"end":{"line":59,"column":27}},"23":{"start":{"line":59,"column":43},"end":{"line":59,"column":57}},"24":{"start":{"line":65,"column":2},"end":{"line":65,"column":null}},"25":{"start":{"line":63,"column":19},"end":{"line":63,"column":23}},"26":{"start":{"line":63,"column":35},"end":{"line":63,"column":44}},"27":{"start":{"line":69,"column":2},"end":{"line":69,"column":null}},"28":{"start":{"line":67,"column":23},"end":{"line":67,"column":31}},"29":{"start":{"line":67,"column":47},"end":{"line":67,"column":60}},"30":{"start":{"line":87,"column":2},"end":{"line":87,"column":null}},"31":{"start":{"line":72,"column":10},"end":{"line":72,"column":14}},"32":{"start":{"line":73,"column":14},"end":{"line":73,"column":24}},"33":{"start":{"line":21,"column":13},"end":{"line":94,"column":null}}},"fnMap":{"0":{"name":"(anonymous_2)","decl":{"start":{"line":89,"column":2},"end":{"line":89,"column":null}},"loc":{"start":{"line":89,"column":2},"end":{"line":93,"column":3}}},"1":{"name":"(anonymous_3)","decl":{"start":{"line":51,"column":13},"end":{"line":51,"column":16}},"loc":{"start":{"line":51,"column":19},"end":{"line":51,"column":41}}},"2":{"name":"(anonymous_4)","decl":{"start":{"line":59,"column":13},"end":{"line":59,"column":16}},"loc":{"start":{"line":59,"column":19},"end":{"line":59,"column":27}}},"3":{"name":"(anonymous_5)","decl":{"start":{"line":59,"column":29},"end":{"line":59,"column":30}},"loc":{"start":{"line":59,"column":43},"end":{"line":59,"column":57}}},"4":{"name":"(anonymous_6)","decl":{"start":{"line":63,"column":13},"end":{"line":63,"column":16}},"loc":{"start":{"line":63,"column":19},"end":{"line":63,"column":23}}},"5":{"name":"(anonymous_7)","decl":{"start":{"line":63,"column":25},"end":{"line":63,"column":26}},"loc":{"start":{"line":63,"column":35},"end":{"line":63,"column":44}}},"6":{"name":"(anonymous_8)","decl":{"start":{"line":67,"column":13},"end":{"line":67,"column":14}},"loc":{"start":{"line":67,"column":23},"end":{"line":67,"column":31}}},"7":{"name":"(anonymous_9)","decl":{"start":{"line":67,"column":33},"end":{"line":67,"column":34}},"loc":{"start":{"line":67,"column":47},"end":{"line":67,"column":60}}},"8":{"name":"(anonymous_10)","decl":{"start":{"line":72,"column":4},"end":{"line":72,"column":7}},"loc":{"start":{"line":72,"column":10},"end":{"line":72,"column":14}}},"9":{"name":"(anonymous_11)","decl":{"start":{"line":73,"column":4},"end":{"line":73,"column":5}},"loc":{"start":{"line":73,"column":14},"end":{"line":73,"column":24}}}},"branchMap":{"0":{"loc":{"start":{"line":90,"column":4},"end":{"line":92,"column":5}},"type":"if","locations":[{"start":{"line":90,"column":4},"end":{"line":92,"column":5}}]}},"s":{"0":6,"1":6,"2":6,"3":6,"4":6,"5":6,"6":6,"7":0,"8":0,"9":6,"10":6,"11":6,"12":6,"13":6,"14":6,"15":6,"16":6,"17":6,"18":6,"19":0,"20":6,"21":6,"22":0,"23":0,"24":6,"25":0,"26":0,"27":6,"28":0,"29":0,"30":6,"31":0,"32":0,"33":6},"f":{"0":0,"1":0,"2":0,"3":0,"4":0,"5":0,"6":0,"7":0,"8":0,"9":0},"b":{"0":[0]}}
,"/home/diogo/developer/siprysoft/serasa/back/src/modules/farm/repository/farm.repository.ts": {"path":"/home/diogo/developer/siprysoft/serasa/back/src/modules/farm/repository/farm.repository.ts","statementMap":{"0":{"start":{"line":1,"column":0},"end":{"line":1,"column":44}},"1":{"start":{"line":2,"column":0},"end":{"line":2,"column":49}},"2":{"start":{"line":4,"column":0},"end":{"line":4,"column":47}},"3":{"start":{"line":7,"column":7},"end":{"line":53,"column":null}},"4":{"start":{"line":9,"column":4},"end":{"line":9,"column":50}},"5":{"start":{"line":13,"column":17},"end":{"line":13,"column":27}},"6":{"start":{"line":14,"column":4},"end":{"line":14,"column":33}},"7":{"start":{"line":16,"column":4},"end":{"line":16,"column":30}},"8":{"start":{"line":18,"column":20},"end":{"line":18,"column":41}},"9":{"start":{"line":19,"column":4},"end":{"line":19,"column":19}},"10":{"start":{"line":23,"column":4},"end":{"line":25,"column":7}},"11":{"start":{"line":29,"column":4},"end":{"line":31,"column":7}},"12":{"start":{"line":35,"column":4},"end":{"line":37,"column":7}},"13":{"start":{"line":41,"column":4},"end":{"line":43,"column":7}},"14":{"start":{"line":47,"column":4},"end":{"line":47,"column":37}},"15":{"start":{"line":51,"column":4},"end":{"line":51,"column":35}},"16":{"start":{"line":7,"column":13},"end":{"line":7,"column":27}},"17":{"start":{"line":7,"column":13},"end":{"line":53,"column":null}}},"fnMap":{"0":{"name":"(anonymous_2)","decl":{"start":{"line":8,"column":2},"end":{"line":8,"column":14}},"loc":{"start":{"line":8,"column":36},"end":{"line":10,"column":3}}},"1":{"name":"(anonymous_3)","decl":{"start":{"line":12,"column":2},"end":{"line":12,"column":7}},"loc":{"start":{"line":12,"column":38},"end":{"line":20,"column":3}}},"2":{"name":"(anonymous_4)","decl":{"start":{"line":22,"column":2},"end":{"line":22,"column":8}},"loc":{"start":{"line":22,"column":8},"end":{"line":26,"column":3}}},"3":{"name":"(anonymous_5)","decl":{"start":{"line":28,"column":2},"end":{"line":28,"column":17}},"loc":{"start":{"line":28,"column":28},"end":{"line":32,"column":3}}},"4":{"name":"(anonymous_6)","decl":{"start":{"line":34,"column":2},"end":{"line":34,"column":9}},"loc":{"start":{"line":34,"column":20},"end":{"line":38,"column":3}}},"5":{"name":"(anonymous_7)","decl":{"start":{"line":40,"column":2},"end":{"line":40,"column":18}},"loc":{"start":{"line":40,"column":45},"end":{"line":44,"column":3}}},"6":{"name":"(anonymous_8)","decl":{"start":{"line":46,"column":2},"end":{"line":46,"column":12}},"loc":{"start":{"line":46,"column":34},"end":{"line":48,"column":3}}},"7":{"name":"(anonymous_9)","decl":{"start":{"line":50,"column":2},"end":{"line":50,"column":12}},"loc":{"start":{"line":50,"column":23},"end":{"line":52,"column":3}}}},"branchMap":{},"s":{"0":1,"1":1,"2":1,"3":1,"4":0,"5":0,"6":0,"7":0,"8":0,"9":0,"10":0,"11":0,"12":0,"13":0,"14":0,"15":0,"16":1,"17":1},"f":{"0":0,"1":0,"2":0,"3":0,"4":0,"5":0,"6":0,"7":0},"b":{}}
,"/home/diogo/developer/siprysoft/serasa/back/src/modules/producer/producer.controller.ts": {"path":"/home/diogo/developer/siprysoft/serasa/back/src/modules/producer/producer.controller.ts","statementMap":{"0":{"start":{"line":1,"column":0},"end":{"line":1,"column":null}},"1":{"start":{"line":11,"column":0},"end":{"line":11,"column":56}},"2":{"start":{"line":13,"column":0},"end":{"line":13,"column":62}},"3":{"start":{"line":14,"column":0},"end":{"line":14,"column":62}},"4":{"start":{"line":15,"column":0},"end":{"line":15,"column":53}},"5":{"start":{"line":18,"column":7},"end":{"line":74,"column":null}},"6":{"start":{"line":19,"column":31},"end":{"line":19,"column":48}},"7":{"start":{"line":30,"column":4},"end":{"line":30,"column":58}},"8":{"start":{"line":39,"column":4},"end":{"line":39,"column":42}},"9":{"start":{"line":48,"column":4},"end":{"line":48,"column":44}},"10":{"start":{"line":63,"column":4},"end":{"line":63,"column":68}},"11":{"start":{"line":72,"column":4},"end":{"line":72,"column":43}},"12":{"start":{"line":18,"column":13},"end":{"line":18,"column":31}},"13":{"start":{"line":29,"column":2},"end":{"line":31,"column":null}},"14":{"start":{"line":38,"column":2},"end":{"line":40,"column":null}},"15":{"start":{"line":47,"column":2},"end":{"line":49,"column":null}},"16":{"start":{"line":59,"column":8},"end":{"line":64,"column":null}},"17":{"start":{"line":71,"column":2},"end":{"line":73,"column":null}},"18":{"start":{"line":18,"column":13},"end":{"line":74,"column":null}}},"fnMap":{"0":{"name":"(anonymous_4)","decl":{"start":{"line":19,"column":2},"end":{"line":19,"column":31}},"loc":{"start":{"line":19,"column":63},"end":{"line":19,"column":67}}},"1":{"name":"(anonymous_5)","decl":{"start":{"line":29,"column":2},"end":{"line":29,"column":8}},"loc":{"start":{"line":29,"column":53},"end":{"line":31,"column":3}}},"2":{"name":"(anonymous_6)","decl":{"start":{"line":38,"column":2},"end":{"line":38,"column":9}},"loc":{"start":{"line":38,"column":9},"end":{"line":40,"column":3}}},"3":{"name":"(anonymous_7)","decl":{"start":{"line":47,"column":2},"end":{"line":47,"column":9}},"loc":{"start":{"line":47,"column":33},"end":{"line":49,"column":3}}},"4":{"name":"(anonymous_8)","decl":{"start":{"line":59,"column":2},"end":{"line":59,"column":7}},"loc":{"start":{"line":61,"column":48},"end":{"line":64,"column":3}}},"5":{"name":"(anonymous_9)","decl":{"start":{"line":71,"column":2},"end":{"line":71,"column":8}},"loc":{"start":{"line":71,"column":32},"end":{"line":73,"column":3}}}},"branchMap":{},"s":{"0":1,"1":1,"2":1,"3":1,"4":1,"5":1,"6":5,"7":1,"8":1,"9":1,"10":1,"11":1,"12":1,"13":1,"14":1,"15":1,"16":1,"17":1,"18":1},"f":{"0":5,"1":1,"2":1,"3":1,"4":1,"5":1},"b":{}}
,"/home/diogo/developer/siprysoft/serasa/back/src/modules/producer/producer.service.ts": {"path":"/home/diogo/developer/siprysoft/serasa/back/src/modules/producer/producer.service.ts","statementMap":{"0":{"start":{"line":1,"column":0},"end":{"line":1,"column":44}},"1":{"start":{"line":2,"column":0},"end":{"line":2,"column":47}},"2":{"start":{"line":7,"column":0},"end":{"line":7,"column":70}},"3":{"start":{"line":10,"column":7},"end":{"line":52,"column":null}},"4":{"start":{"line":11,"column":22},"end":{"line":11,"column":42}},"5":{"start":{"line":14,"column":27},"end":{"line":14,"column":44}},"6":{"start":{"line":15,"column":27},"end":{"line":16,"column":null}},"7":{"start":{"line":19,"column":4},"end":{"line":23,"column":5}},"8":{"start":{"line":20,"column":6},"end":{"line":22,"column":8}},"9":{"start":{"line":24,"column":4},"end":{"line":24,"column":69}},"10":{"start":{"line":28,"column":4},"end":{"line":28,"column":57}},"11":{"start":{"line":32,"column":21},"end":{"line":32,"column":62}},"12":{"start":{"line":33,"column":4},"end":{"line":33,"column":59}},"13":{"start":{"line":33,"column":19},"end":{"line":33,"column":59}},"14":{"start":{"line":35,"column":4},"end":{"line":35,"column":20}},"15":{"start":{"line":39,"column":21},"end":{"line":39,"column":62}},"16":{"start":{"line":40,"column":4},"end":{"line":40,"column":59}},"17":{"start":{"line":40,"column":19},"end":{"line":40,"column":59}},"18":{"start":{"line":42,"column":4},"end":{"line":42,"column":72}},"19":{"start":{"line":43,"column":4},"end":{"line":43,"column":57}},"20":{"start":{"line":47,"column":21},"end":{"line":47,"column":62}},"21":{"start":{"line":48,"column":4},"end":{"line":48,"column":59}},"22":{"start":{"line":48,"column":19},"end":{"line":48,"column":59}},"23":{"start":{"line":50,"column":4},"end":{"line":50,"column":54}},"24":{"start":{"line":10,"column":13},"end":{"line":10,"column":28}},"25":{"start":{"line":10,"column":13},"end":{"line":52,"column":null}}},"fnMap":{"0":{"name":"(anonymous_2)","decl":{"start":{"line":11,"column":2},"end":{"line":11,"column":22}},"loc":{"start":{"line":11,"column":60},"end":{"line":11,"column":64}}},"1":{"name":"(anonymous_3)","decl":{"start":{"line":13,"column":2},"end":{"line":13,"column":7}},"loc":{"start":{"line":13,"column":51},"end":{"line":25,"column":3}}},"2":{"name":"(anonymous_4)","decl":{"start":{"line":27,"column":2},"end":{"line":27,"column":9}},"loc":{"start":{"line":27,"column":9},"end":{"line":29,"column":3}}},"3":{"name":"(anonymous_5)","decl":{"start":{"line":31,"column":2},"end":{"line":31,"column":7}},"loc":{"start":{"line":31,"column":26},"end":{"line":36,"column":3}}},"4":{"name":"(anonymous_6)","decl":{"start":{"line":38,"column":2},"end":{"line":38,"column":7}},"loc":{"start":{"line":38,"column":63},"end":{"line":44,"column":3}}},"5":{"name":"(anonymous_7)","decl":{"start":{"line":46,"column":2},"end":{"line":46,"column":7}},"loc":{"start":{"line":46,"column":25},"end":{"line":51,"column":3}}}},"branchMap":{"0":{"loc":{"start":{"line":19,"column":4},"end":{"line":23,"column":5}},"type":"if","locations":[{"start":{"line":19,"column":4},"end":{"line":23,"column":5}}]},"1":{"loc":{"start":{"line":33,"column":4},"end":{"line":33,"column":59}},"type":"if","locations":[{"start":{"line":33,"column":4},"end":{"line":33,"column":59}}]},"2":{"loc":{"start":{"line":40,"column":4},"end":{"line":40,"column":59}},"type":"if","locations":[{"start":{"line":40,"column":4},"end":{"line":40,"column":59}}]},"3":{"loc":{"start":{"line":48,"column":4},"end":{"line":48,"column":59}},"type":"if","locations":[{"start":{"line":48,"column":4},"end":{"line":48,"column":59}}]}},"s":{"0":2,"1":2,"2":2,"3":2,"4":10,"5":2,"6":2,"7":2,"8":1,"9":1,"10":1,"11":1,"12":1,"13":0,"14":1,"15":2,"16":2,"17":1,"18":1,"19":1,"20":3,"21":3,"22":2,"23":1,"24":2,"25":2},"f":{"0":10,"1":2,"2":1,"3":1,"4":2,"5":3},"b":{"0":[1],"1":[0],"2":[1],"3":[2]}}
,"/home/diogo/developer/siprysoft/serasa/back/src/modules/producer/dto/create.producer.dto.ts": {"path":"/home/diogo/developer/siprysoft/serasa/back/src/modules/producer/dto/create.producer.dto.ts","statementMap":{"0":{"start":{"line":1,"column":0},"end":{"line":1,"column":46}},"1":{"start":{"line":2,"column":0},"end":{"line":2,"column":70}},"2":{"start":{"line":3,"column":0},"end":{"line":3,"column":65}},"3":{"start":{"line":4,"column":0},"end":{"line":4,"column":55}},"4":{"start":{"line":6,"column":0},"end":{"line":6,"column":13}},"5":{"start":{"line":9,"column":2},"end":{"line":9,"column":null}},"6":{"start":{"line":22,"column":2},"end":{"line":22,"column":null}},"7":{"start":{"line":16,"column":6},"end":{"line":18,"column":7}},"8":{"start":{"line":17,"column":8},"end":{"line":17,"column":30}},"9":{"start":{"line":19,"column":6},"end":{"line":19,"column":29}}},"fnMap":{"0":{"name":"(anonymous_2)","decl":{"start":{"line":15,"column":4},"end":{"line":15,"column":11}},"loc":{"start":{"line":15,"column":31},"end":{"line":20,"column":5}}}},"branchMap":{"0":{"loc":{"start":{"line":16,"column":6},"end":{"line":18,"column":7}},"type":"if","locations":[{"start":{"line":16,"column":6},"end":{"line":18,"column":7}}]}},"s":{"0":1,"1":1,"2":1,"3":1,"4":1,"5":1,"6":1,"7":0,"8":0,"9":0},"f":{"0":0},"b":{"0":[0]}}
,"/home/diogo/developer/siprysoft/serasa/back/src/modules/producer/dto/update.producer.dto.ts": {"path":"/home/diogo/developer/siprysoft/serasa/back/src/modules/producer/dto/update.producer.dto.ts","statementMap":{"0":{"start":{"line":1,"column":0},"end":{"line":1,"column":51}},"1":{"start":{"line":2,"column":0},"end":{"line":2,"column":58}},"2":{"start":{"line":4,"column":0},"end":{"line":4,"column":13}}},"fnMap":{},"branchMap":{},"s":{"0":1,"1":1,"2":1},"f":{},"b":{}}
,"/home/diogo/developer/siprysoft/serasa/back/src/modules/producer/entities/producer.entity.ts": {"path":"/home/diogo/developer/siprysoft/serasa/back/src/modules/producer/entities/producer.entity.ts","statementMap":{"0":{"start":{"line":1,"column":0},"end":{"line":1,"column":61}},"1":{"start":{"line":2,"column":0},"end":{"line":2,"column":null}},"2":{"start":{"line":9,"column":0},"end":{"line":9,"column":26}},"3":{"start":{"line":12,"column":7},"end":{"line":33,"column":null}},"4":{"start":{"line":29,"column":4},"end":{"line":31,"column":5}},"5":{"start":{"line":30,"column":6},"end":{"line":30,"column":21}},"6":{"start":{"line":12,"column":13},"end":{"line":12,"column":21}},"7":{"start":{"line":14,"column":2},"end":{"line":14,"column":null}},"8":{"start":{"line":17,"column":2},"end":{"line":17,"column":null}},"9":{"start":{"line":20,"column":2},"end":{"line":20,"column":null}},"10":{"start":{"line":23,"column":2},"end":{"line":23,"column":null}},"11":{"start":{"line":26,"column":2},"end":{"line":26,"column":null}},"12":{"start":{"line":25,"column":19},"end":{"line":25,"column":23}},"13":{"start":{"line":25,"column":35},"end":{"line":25,"column":48}},"14":{"start":{"line":12,"column":13},"end":{"line":33,"column":null}}},"fnMap":{"0":{"name":"(anonymous_2)","decl":{"start":{"line":28,"column":2},"end":{"line":28,"column":null}},"loc":{"start":{"line":28,"column":2},"end":{"line":32,"column":3}}},"1":{"name":"(anonymous_3)","decl":{"start":{"line":25,"column":13},"end":{"line":25,"column":16}},"loc":{"start":{"line":25,"column":19},"end":{"line":25,"column":23}}},"2":{"name":"(anonymous_4)","decl":{"start":{"line":25,"column":25},"end":{"line":25,"column":26}},"loc":{"start":{"line":25,"column":35},"end":{"line":25,"column":48}}}},"branchMap":{"0":{"loc":{"start":{"line":29,"column":4},"end":{"line":31,"column":5}},"type":"if","locations":[{"start":{"line":29,"column":4},"end":{"line":31,"column":5}}]}},"s":{"0":6,"1":6,"2":6,"3":6,"4":0,"5":0,"6":6,"7":6,"8":6,"9":6,"10":6,"11":6,"12":0,"13":0,"14":6},"f":{"0":0,"1":0,"2":0},"b":{"0":[0]}}
,"/home/diogo/developer/siprysoft/serasa/back/src/modules/producer/repository/producer.repository.ts": {"path":"/home/diogo/developer/siprysoft/serasa/back/src/modules/producer/repository/producer.repository.ts","statementMap":{"0":{"start":{"line":1,"column":0},"end":{"line":1,"column":44}},"1":{"start":{"line":2,"column":0},"end":{"line":2,"column":49}},"2":{"start":{"line":5,"column":0},"end":{"line":5,"column":55}},"3":{"start":{"line":9,"column":7},"end":{"line":68,"column":null}},"4":{"start":{"line":14,"column":4},"end":{"line":14,"column":54}},"5":{"start":{"line":18,"column":21},"end":{"line":18,"column":35}},"6":{"start":{"line":19,"column":4},"end":{"line":19,"column":61}},"7":{"start":{"line":20,"column":4},"end":{"line":20,"column":34}},"8":{"start":{"line":21,"column":4},"end":{"line":21,"column":36}},"9":{"start":{"line":23,"column":24},"end":{"line":23,"column":49}},"10":{"start":{"line":24,"column":4},"end":{"line":24,"column":23}},"11":{"start":{"line":28,"column":4},"end":{"line":30,"column":7}},"12":{"start":{"line":34,"column":4},"end":{"line":52,"column":17}},"13":{"start":{"line":56,"column":4},"end":{"line":58,"column":7}},"14":{"start":{"line":62,"column":4},"end":{"line":62,"column":37}},"15":{"start":{"line":66,"column":4},"end":{"line":66,"column":35}},"16":{"start":{"line":9,"column":13},"end":{"line":9,"column":31}},"17":{"start":{"line":9,"column":13},"end":{"line":68,"column":null}}},"fnMap":{"0":{"name":"(anonymous_2)","decl":{"start":{"line":13,"column":2},"end":{"line":13,"column":14}},"loc":{"start":{"line":13,"column":36},"end":{"line":15,"column":3}}},"1":{"name":"(anonymous_3)","decl":{"start":{"line":17,"column":2},"end":{"line":17,"column":7}},"loc":{"start":{"line":17,"column":46},"end":{"line":25,"column":3}}},"2":{"name":"(anonymous_4)","decl":{"start":{"line":27,"column":2},"end":{"line":27,"column":16}},"loc":{"start":{"line":27,"column":35},"end":{"line":31,"column":3}}},"3":{"name":"(anonymous_5)","decl":{"start":{"line":33,"column":2},"end":{"line":33,"column":7}},"loc":{"start":{"line":33,"column":27},"end":{"line":53,"column":3}}},"4":{"name":"(anonymous_6)","decl":{"start":{"line":55,"column":2},"end":{"line":55,"column":9}},"loc":{"start":{"line":55,"column":20},"end":{"line":59,"column":3}}},"5":{"name":"(anonymous_7)","decl":{"start":{"line":61,"column":2},"end":{"line":61,"column":16}},"loc":{"start":{"line":61,"column":52},"end":{"line":63,"column":3}}},"6":{"name":"(anonymous_8)","decl":{"start":{"line":65,"column":2},"end":{"line":65,"column":16}},"loc":{"start":{"line":65,"column":27},"end":{"line":67,"column":3}}}},"branchMap":{},"s":{"0":3,"1":3,"2":3,"3":3,"4":0,"5":0,"6":0,"7":0,"8":0,"9":0,"10":0,"11":0,"12":0,"13":0,"14":0,"15":0,"16":3,"17":3},"f":{"0":0,"1":0,"2":0,"3":0,"4":0,"5":0,"6":0},"b":{}}
,"/home/diogo/developer/siprysoft/serasa/back/src/modules/states/entities/state.entity.ts": {"path":"/home/diogo/developer/siprysoft/serasa/back/src/modules/states/entities/state.entity.ts","statementMap":{"0":{"start":{"line":1,"column":0},"end":{"line":1,"column":63}},"1":{"start":{"line":2,"column":0},"end":{"line":2,"column":67}},"2":{"start":{"line":5,"column":7},"end":{"line":17,"column":null}},"3":{"start":{"line":5,"column":13},"end":{"line":5,"column":18}},"4":{"start":{"line":7,"column":2},"end":{"line":7,"column":null}},"5":{"start":{"line":10,"column":2},"end":{"line":10,"column":null}},"6":{"start":{"line":13,"column":2},"end":{"line":13,"column":null}},"7":{"start":{"line":16,"column":2},"end":{"line":16,"column":null}},"8":{"start":{"line":15,"column":19},"end":{"line":15,"column":23}},"9":{"start":{"line":15,"column":35},"end":{"line":15,"column":45}},"10":{"start":{"line":5,"column":13},"end":{"line":17,"column":null}}},"fnMap":{"0":{"name":"(anonymous_2)","decl":{"start":{"line":15,"column":13},"end":{"line":15,"column":16}},"loc":{"start":{"line":15,"column":19},"end":{"line":15,"column":23}}},"1":{"name":"(anonymous_3)","decl":{"start":{"line":15,"column":25},"end":{"line":15,"column":26}},"loc":{"start":{"line":15,"column":35},"end":{"line":15,"column":45}}}},"branchMap":{},"s":{"0":6,"1":6,"2":6,"3":6,"4":6,"5":6,"6":6,"7":6,"8":0,"9":0,"10":6},"f":{"0":0,"1":0},"b":{}}
,"/home/diogo/developer/siprysoft/serasa/back/src/validators/validator.docNumber.ts": {"path":"/home/diogo/developer/siprysoft/serasa/back/src/validators/validator.docNumber.ts","statementMap":{"0":{"start":{"line":40,"column":0},"end":{"line":40,"column":16}},"1":{"start":{"line":34,"column":0},"end":{"line":34,"column":null}},"2":{"start":{"line":41,"column":2},"end":{"line":112,"column":4}},"3":{"start":{"line":42,"column":4},"end":{"line":111,"column":7}},"4":{"start":{"line":49,"column":29},"end":{"line":49,"column":58}},"5":{"start":{"line":50,"column":10},"end":{"line":87,"column":11}},"6":{"start":{"line":51,"column":23},"end":{"line":51,"column":24}},"7":{"start":{"line":53,"column":12},"end":{"line":55,"column":13}},"8":{"start":{"line":53,"column":25},"end":{"line":53,"column":26}},"9":{"start":{"line":54,"column":14},"end":{"line":54,"column":74}},"10":{"start":{"line":57,"column":24},"end":{"line":57,"column":33}},"11":{"start":{"line":59,"column":12},"end":{"line":63,"column":13}},"12":{"start":{"line":60,"column":14},"end":{"line":60,"column":24}},"13":{"start":{"line":62,"column":14},"end":{"line":62,"column":33}},"14":{"start":{"line":65,"column":12},"end":{"line":67,"column":13}},"15":{"start":{"line":66,"column":14},"end":{"line":66,"column":27}},"16":{"start":{"line":69,"column":12},"end":{"line":69,"column":21}},"17":{"start":{"line":71,"column":12},"end":{"line":73,"column":13}},"18":{"start":{"line":71,"column":25},"end":{"line":71,"column":26}},"19":{"start":{"line":72,"column":14},"end":{"line":72,"column":74}},"20":{"start":{"line":74,"column":12},"end":{"line":74,"column":30}},"21":{"start":{"line":76,"column":12},"end":{"line":80,"column":13}},"22":{"start":{"line":77,"column":14},"end":{"line":77,"column":24}},"23":{"start":{"line":79,"column":14},"end":{"line":79,"column":33}},"24":{"start":{"line":82,"column":12},"end":{"line":84,"column":13}},"25":{"start":{"line":83,"column":14},"end":{"line":83,"column":27}},"26":{"start":{"line":86,"column":12},"end":{"line":86,"column":24}},"27":{"start":{"line":89,"column":10},"end":{"line":106,"column":11}},"28":{"start":{"line":90,"column":39},"end":{"line":90,"column":78}},"29":{"start":{"line":91,"column":12},"end":{"line":95,"column":14}},"30":{"start":{"line":92,"column":22},"end":{"line":92,"column":23}},"31":{"start":{"line":92,"column":29},"end":{"line":92,"column":30}},"32":{"start":{"line":96,"column":12},"end":{"line":96,"column":77}},"33":{"start":{"line":96,"column":64},"end":{"line":96,"column":77}},"34":{"start":{"line":98,"column":12},"end":{"line":102,"column":14}},"35":{"start":{"line":99,"column":22},"end":{"line":99,"column":23}},"36":{"start":{"line":99,"column":29},"end":{"line":99,"column":30}},"37":{"start":{"line":103,"column":12},"end":{"line":103,"column":77}},"38":{"start":{"line":103,"column":64},"end":{"line":103,"column":77}},"39":{"start":{"line":105,"column":12},"end":{"line":105,"column":24}},"40":{"start":{"line":108,"column":10},"end":{"line":108,"column":23}}},"fnMap":{"0":{"name":"IsDOcNumber","decl":{"start":{"line":40,"column":16},"end":{"line":40,"column":27}},"loc":{"start":{"line":40,"column":65},"end":{"line":113,"column":1}}},"1":{"name":"(anonymous_1)","decl":{"start":{"line":41,"column":9},"end":{"line":41,"column":19}},"loc":{"start":{"line":41,"column":55},"end":{"line":112,"column":3}}},"2":{"name":"(anonymous_2)","decl":{"start":{"line":48,"column":8},"end":{"line":48,"column":16}},"loc":{"start":{"line":48,"column":54},"end":{"line":109,"column":9}}}},"branchMap":{"0":{"loc":{"start":{"line":50,"column":10},"end":{"line":87,"column":11}},"type":"if","locations":[{"start":{"line":50,"column":10},"end":{"line":87,"column":11}}]},"1":{"loc":{"start":{"line":59,"column":12},"end":{"line":63,"column":13}},"type":"if","locations":[{"start":{"line":59,"column":12},"end":{"line":63,"column":13}},{"start":{"line":61,"column":19},"end":{"line":63,"column":13}}]},"2":{"loc":{"start":{"line":59,"column":16},"end":{"line":59,"column":57}},"type":"binary-expr","locations":[{"start":{"line":59,"column":16},"end":{"line":59,"column":28}},{"start":{"line":59,"column":32},"end":{"line":59,"column":44}},{"start":{"line":59,"column":48},"end":{"line":59,"column":57}}]},"3":{"loc":{"start":{"line":65,"column":12},"end":{"line":67,"column":13}},"type":"if","locations":[{"start":{"line":65,"column":12},"end":{"line":67,"column":13}}]},"4":{"loc":{"start":{"line":76,"column":12},"end":{"line":80,"column":13}},"type":"if","locations":[{"start":{"line":76,"column":12},"end":{"line":80,"column":13}},{"start":{"line":78,"column":19},"end":{"line":80,"column":13}}]},"5":{"loc":{"start":{"line":76,"column":16},"end":{"line":76,"column":57}},"type":"binary-expr","locations":[{"start":{"line":76,"column":16},"end":{"line":76,"column":28}},{"start":{"line":76,"column":32},"end":{"line":76,"column":44}},{"start":{"line":76,"column":48},"end":{"line":76,"column":57}}]},"6":{"loc":{"start":{"line":82,"column":12},"end":{"line":84,"column":13}},"type":"if","locations":[{"start":{"line":82,"column":12},"end":{"line":84,"column":13}}]},"7":{"loc":{"start":{"line":89,"column":10},"end":{"line":106,"column":11}},"type":"if","locations":[{"start":{"line":89,"column":10},"end":{"line":106,"column":11}}]},"8":{"loc":{"start":{"line":96,"column":12},"end":{"line":96,"column":77}},"type":"if","locations":[{"start":{"line":96,"column":12},"end":{"line":96,"column":77}}]},"9":{"loc":{"start":{"line":96,"column":35},"end":{"line":96,"column":61}},"type":"cond-expr","locations":[{"start":{"line":96,"column":51},"end":{"line":96,"column":52}},{"start":{"line":96,"column":55},"end":{"line":96,"column":61}}]},"10":{"loc":{"start":{"line":103,"column":12},"end":{"line":103,"column":77}},"type":"if","locations":[{"start":{"line":103,"column":12},"end":{"line":103,"column":77}}]},"11":{"loc":{"start":{"line":103,"column":35},"end":{"line":103,"column":61}},"type":"cond-expr","locations":[{"start":{"line":103,"column":51},"end":{"line":103,"column":52}},{"start":{"line":103,"column":55},"end":{"line":103,"column":61}}]}},"s":{"0":1,"1":1,"2":1,"3":1,"4":0,"5":0,"6":0,"7":0,"8":0,"9":0,"10":0,"11":0,"12":0,"13":0,"14":0,"15":0,"16":0,"17":0,"18":0,"19":0,"20":0,"21":0,"22":0,"23":0,"24":0,"25":0,"26":0,"27":0,"28":0,"29":0,"30":0,"31":0,"32":0,"33":0,"34":0,"35":0,"36":0,"37":0,"38":0,"39":0,"40":0},"f":{"0":1,"1":1,"2":0},"b":{"0":[0],"1":[0,0],"2":[0,0,0],"3":[0],"4":[0,0],"5":[0,0,0],"6":[0],"7":[0],"8":[0],"9":[0,0],"10":[0],"11":[0,0]}}
}
