TN:
SF:src/errors/AppError.ts
FN:5,(anonymous_0)
FNF:1
FNH:1
FNDA:18,(anonymous_0)
DA:1,6
DA:6,18
DA:7,18
LF:3
LH:3
BRDA:5,0,0,18
BRF:1
BRH:1
end_of_record
TN:
SF:src/modules/cities/entities/city.entity.ts
FN:23,(anonymous_2)
FN:23,(anonymous_3)
FN:27,(anonymous_4)
FN:27,(anonymous_5)
FNF:4
FNH:0
FNDA:0,(anonymous_2)
FNDA:0,(anonymous_3)
FNDA:0,(anonymous_4)
FNDA:0,(anonymous_5)
DA:1,6
DA:2,6
DA:3,6
DA:13,6
DA:15,6
DA:18,6
DA:21,6
DA:23,0
DA:25,6
DA:27,0
DA:28,6
LF:11
LH:9
BRF:0
BRH:0
end_of_record
TN:
SF:src/modules/crops/crops.service.ts
FN:9,(anonymous_2)
FN:10,(anonymous_3)
FN:19,(anonymous_4)
FN:23,(anonymous_5)
FN:27,(anonymous_6)
FN:44,(anonymous_7)
FNF:6
FNH:6
FNDA:10,(anonymous_2)
FNDA:2,(anonymous_3)
FNDA:1,(anonymous_4)
FNDA:1,(anonymous_5)
FNDA:2,(anonymous_6)
FNDA:3,(anonymous_7)
DA:1,1
DA:2,1
DA:5,1
DA:8,1
DA:9,10
DA:11,2
DA:13,2
DA:14,1
DA:16,1
DA:20,1
DA:24,1
DA:28,2
DA:29,2
DA:31,1
DA:32,1
DA:34,1
DA:35,1
DA:36,1
DA:37,1
DA:40,0
DA:45,3
DA:46,3
DA:47,2
DA:50,1
DA:51,1
LF:25
LH:24
BRDA:13,0,0,1
BRDA:29,1,0,1
BRDA:32,2,0,0
BRDA:36,3,0,1
BRDA:46,4,0,2
BRDA:51,5,0,1
BRF:6
BRH:5
end_of_record
TN:
SF:src/modules/crops/entities/crop.entity.ts
FN:63,(anonymous_2)
FN:24,(anonymous_3)
FN:25,(anonymous_4)
FN:41,(anonymous_5)
FN:58,(anonymous_6)
FN:59,(anonymous_7)
FNF:6
FNH:0
FNDA:0,(anonymous_2)
FNDA:0,(anonymous_3)
FNDA:0,(anonymous_4)
FNDA:0,(anonymous_5)
FNDA:0,(anonymous_6)
FNDA:0,(anonymous_7)
DA:2,6
DA:3,6
DA:4,6
DA:5,6
DA:13,6
DA:16,6
DA:18,6
DA:21,6
DA:24,0
DA:25,0
DA:38,6
DA:41,0
DA:55,6
DA:58,0
DA:59,0
DA:61,6
DA:64,0
DA:65,0
LF:18
LH:11
BRDA:64,0,0,0
BRF:1
BRH:0
end_of_record
TN:
SF:src/modules/crops/repository/crop.repository.ts
FN:8,(anonymous_2)
FN:12,(anonymous_3)
FN:20,(anonymous_4)
FN:24,(anonymous_5)
FN:27,(anonymous_6)
FN:31,(anonymous_7)
FN:37,(anonymous_8)
FN:43,(anonymous_9)
FN:47,(anonymous_10)
FNF:9
FNH:0
FNDA:0,(anonymous_2)
FNDA:0,(anonymous_3)
FNDA:0,(anonymous_4)
FNDA:0,(anonymous_5)
FNDA:0,(anonymous_6)
FNDA:0,(anonymous_7)
FNDA:0,(anonymous_8)
FNDA:0,(anonymous_9)
FNDA:0,(anonymous_10)
DA:1,1
DA:2,1
DA:4,1
DA:7,1
DA:9,0
DA:13,0
DA:14,0
DA:16,0
DA:17,0
DA:21,0
DA:25,0
DA:28,0
DA:32,0
DA:38,0
DA:44,0
DA:48,0
LF:16
LH:4
BRF:0
BRH:0
end_of_record
TN:
SF:src/modules/cultures/cultures.service.ts
FN:9,(anonymous_2)
FN:11,(anonymous_3)
FN:22,(anonymous_4)
FN:26,(anonymous_5)
FN:30,(anonymous_6)
FN:43,(anonymous_7)
FNF:6
FNH:6
FNDA:10,(anonymous_2)
FNDA:2,(anonymous_3)
FNDA:1,(anonymous_4)
FNDA:1,(anonymous_5)
FNDA:2,(anonymous_6)
FNDA:3,(anonymous_7)
DA:1,1
DA:2,1
DA:5,1
DA:8,1
DA:9,10
DA:12,2
DA:16,2
DA:17,1
DA:19,1
DA:23,1
DA:27,1
DA:31,2
DA:32,2
DA:33,1
DA:36,1
DA:40,1
DA:44,3
DA:45,3
DA:46,2
DA:49,1
LF:20
LH:20
BRDA:16,0,0,1
BRDA:32,1,0,1
BRDA:40,2,0,1
BRDA:45,3,0,2
BRF:4
BRH:4
end_of_record
TN:
SF:src/modules/cultures/entities/culture.entity.ts
FN:38,(anonymous_2)
FN:14,(anonymous_3)
FN:15,(anonymous_4)
FNF:3
FNH:0
FNDA:0,(anonymous_2)
FNDA:0,(anonymous_3)
FNDA:0,(anonymous_4)
DA:1,6
DA:2,6
DA:3,6
DA:6,6
DA:8,6
DA:11,6
DA:14,0
DA:15,0
DA:36,6
DA:39,0
DA:40,0
LF:11
LH:7
BRDA:39,0,0,0
BRF:1
BRH:0
end_of_record
TN:
SF:src/modules/cultures/repository/culture.repository.ts
FN:8,(anonymous_2)
FN:12,(anonymous_3)
FN:20,(anonymous_4)
FN:24,(anonymous_5)
FN:29,(anonymous_6)
FN:33,(anonymous_7)
FN:39,(anonymous_8)
FN:45,(anonymous_9)
FN:49,(anonymous_10)
FNF:9
FNH:0
FNDA:0,(anonymous_2)
FNDA:0,(anonymous_3)
FNDA:0,(anonymous_4)
FNDA:0,(anonymous_5)
FNDA:0,(anonymous_6)
FNDA:0,(anonymous_7)
FNDA:0,(anonymous_8)
FNDA:0,(anonymous_9)
FNDA:0,(anonymous_10)
DA:1,1
DA:2,1
DA:4,1
DA:7,1
DA:9,0
DA:13,0
DA:14,0
DA:16,0
DA:17,0
DA:21,0
DA:25,0
DA:30,0
DA:34,0
DA:40,0
DA:46,0
DA:50,0
LF:16
LH:4
BRF:0
BRH:0
end_of_record
TN:
SF:src/modules/farm/farm.service.ts
FN:10,(anonymous_2)
FN:14,(anonymous_3)
FN:34,(anonymous_4)
FN:37,(anonymous_5)
FN:42,(anonymous_6)
FN:46,(anonymous_7)
FN:61,(anonymous_8)
FNF:7
FNH:6
FNDA:12,(anonymous_2)
FNDA:4,(anonymous_3)
FNDA:0,(anonymous_4)
FNDA:1,(anonymous_5)
FNDA:1,(anonymous_6)
FNDA:2,(anonymous_7)
FNDA:3,(anonymous_8)
DA:1,1
DA:2,1
DA:3,1
DA:6,1
DA:9,1
DA:11,12
DA:12,12
DA:15,4
DA:16,4
DA:20,4
DA:22,4
DA:23,1
DA:27,3
DA:28,2
DA:31,1
DA:35,0
DA:38,1
DA:39,1
DA:43,1
DA:47,2
DA:48,2
DA:49,1
DA:51,1
DA:54,1
DA:55,1
DA:62,3
DA:63,3
DA:64,1
DA:65,1
LF:29
LH:28
BRDA:22,0,0,1
BRDA:27,1,0,2
BRDA:48,2,0,1
BRDA:54,3,0,1
BRDA:63,4,0,2
BRF:5
BRH:5
end_of_record
TN:
SF:src/modules/farm.crops.cultures/farm.crops.cultures.service.ts
FN:8,(anonymous_2)
FN:10,(anonymous_3)
FN:22,(anonymous_4)
FN:26,(anonymous_5)
FN:30,(anonymous_6)
FNF:5
FNH:1
FNDA:1,(anonymous_2)
FNDA:0,(anonymous_3)
FNDA:0,(anonymous_4)
FNDA:0,(anonymous_5)
FNDA:0,(anonymous_6)
DA:1,1
DA:2,1
DA:4,1
DA:7,1
DA:8,1
DA:11,0
DA:15,0
DA:16,0
DA:17,0
DA:18,0
DA:23,0
DA:27,0
DA:31,0
LF:13
LH:5
BRDA:15,0,0,0
BRF:1
BRH:0
end_of_record
TN:
SF:src/modules/farm.crops.cultures/entities/farm.crops.culture.entity.ts
FN:31,(anonymous_2)
FN:32,(anonymous_3)
FN:42,(anonymous_4)
FN:42,(anonymous_5)
FN:47,(anonymous_6)
FN:48,(anonymous_7)
FNF:6
FNH:0
FNDA:0,(anonymous_2)
FNDA:0,(anonymous_3)
FNDA:0,(anonymous_4)
FNDA:0,(anonymous_5)
FNDA:0,(anonymous_6)
FNDA:0,(anonymous_7)
DA:1,6
DA:2,6
DA:3,6
DA:4,6
DA:17,6
DA:19,6
DA:22,6
DA:25,6
DA:28,6
DA:31,0
DA:33,0
DA:40,6
DA:42,0
DA:44,6
DA:47,0
DA:48,0
DA:61,6
LF:17
LH:12
BRF:0
BRH:0
end_of_record
TN:
SF:src/modules/farm.crops.cultures/repository/farm.crops.cultures.repository.ts
FN:8,(anonymous_2)
FN:12,(anonymous_3)
FN:21,(anonymous_4)
FN:25,(anonymous_5)
FN:31,(anonymous_6)
FNF:5
FNH:0
FNDA:0,(anonymous_2)
FNDA:0,(anonymous_3)
FNDA:0,(anonymous_4)
FNDA:0,(anonymous_5)
FNDA:0,(anonymous_6)
DA:1,1
DA:2,1
DA:4,1
DA:7,1
DA:9,0
DA:13,0
DA:15,0
DA:17,0
DA:18,0
DA:22,0
DA:26,0
LF:11
LH:4
BRF:0
BRH:0
end_of_record
TN:
SF:src/modules/farm.crops/entities/farm.crop.entity.ts
FN:26,(anonymous_2)
FN:26,(anonymous_3)
FN:30,(anonymous_4)
FN:30,(anonymous_5)
FN:35,(anonymous_6)
FN:36,(anonymous_7)
FN:60,(anonymous_8)
FN:61,(anonymous_9)
FNF:8
FNH:0
FNDA:0,(anonymous_2)
FNDA:0,(anonymous_3)
FNDA:0,(anonymous_4)
FNDA:0,(anonymous_5)
FNDA:0,(anonymous_6)
FNDA:0,(anonymous_7)
FNDA:0,(anonymous_8)
FNDA:0,(anonymous_9)
DA:1,6
DA:2,6
DA:3,6
DA:4,6
DA:5,6
DA:19,6
DA:21,6
DA:24,6
DA:26,0
DA:28,6
DA:30,0
DA:32,6
DA:35,0
DA:36,0
DA:57,6
DA:60,0
DA:61,0
DA:67,6
LF:18
LH:12
BRF:0
BRH:0
end_of_record
TN:
SF:src/modules/farm/entities/farm.entity.ts
FN:89,(anonymous_2)
FN:51,(anonymous_3)
FN:59,(anonymous_4)
FN:59,(anonymous_5)
FN:63,(anonymous_6)
FN:63,(anonymous_7)
FN:67,(anonymous_8)
FN:67,(anonymous_9)
FN:72,(anonymous_10)
FN:73,(anonymous_11)
FNF:10
FNH:0
FNDA:0,(anonymous_2)
FNDA:0,(anonymous_3)
FNDA:0,(anonymous_4)
FNDA:0,(anonymous_5)
FNDA:0,(anonymous_6)
FNDA:0,(anonymous_7)
FNDA:0,(anonymous_8)
FNDA:0,(anonymous_9)
FNDA:0,(anonymous_10)
FNDA:0,(anonymous_11)
DA:1,6
DA:2,6
DA:3,6
DA:4,6
DA:5,6
DA:18,6
DA:21,6
DA:23,6
DA:26,6
DA:29,6
DA:32,6
DA:35,6
DA:38,6
DA:41,6
DA:47,6
DA:51,0
DA:54,6
DA:57,6
DA:59,0
DA:61,6
DA:63,0
DA:65,6
DA:67,0
DA:69,6
DA:72,0
DA:73,0
DA:87,6
DA:90,0
DA:91,0
LF:29
LH:21
BRDA:90,0,0,0
BRF:1
BRH:0
end_of_record
TN:
SF:src/modules/farm/repository/farm.repository.ts
FN:8,(anonymous_2)
FN:12,(anonymous_3)
FN:22,(anonymous_4)
FN:28,(anonymous_5)
FN:34,(anonymous_6)
FN:40,(anonymous_7)
FN:46,(anonymous_8)
FN:50,(anonymous_9)
FNF:8
FNH:0
FNDA:0,(anonymous_2)
FNDA:0,(anonymous_3)
FNDA:0,(anonymous_4)
FNDA:0,(anonymous_5)
FNDA:0,(anonymous_6)
FNDA:0,(anonymous_7)
FNDA:0,(anonymous_8)
FNDA:0,(anonymous_9)
DA:1,1
DA:2,1
DA:4,1
DA:7,1
DA:9,0
DA:13,0
DA:14,0
DA:16,0
DA:18,0
DA:19,0
DA:23,0
DA:29,0
DA:35,0
DA:41,0
DA:47,0
DA:51,0
LF:16
LH:4
BRF:0
BRH:0
end_of_record
TN:
SF:src/modules/producer/producer.controller.ts
FN:19,(anonymous_4)
FN:29,(anonymous_5)
FN:38,(anonymous_6)
FN:47,(anonymous_7)
FN:59,(anonymous_8)
FN:71,(anonymous_9)
FNF:6
FNH:6
FNDA:5,(anonymous_4)
FNDA:1,(anonymous_5)
FNDA:1,(anonymous_6)
FNDA:1,(anonymous_7)
FNDA:1,(anonymous_8)
FNDA:1,(anonymous_9)
DA:1,1
DA:11,1
DA:13,1
DA:14,1
DA:15,1
DA:18,1
DA:19,5
DA:29,1
DA:30,1
DA:38,1
DA:39,1
DA:47,1
DA:48,1
DA:59,1
DA:63,1
DA:71,1
DA:72,1
LF:17
LH:17
BRF:0
BRH:0
end_of_record
TN:
SF:src/modules/producer/producer.service.ts
FN:11,(anonymous_2)
FN:13,(anonymous_3)
FN:27,(anonymous_4)
FN:31,(anonymous_5)
FN:38,(anonymous_6)
FN:46,(anonymous_7)
FNF:6
FNH:6
FNDA:10,(anonymous_2)
FNDA:2,(anonymous_3)
FNDA:1,(anonymous_4)
FNDA:1,(anonymous_5)
FNDA:2,(anonymous_6)
FNDA:3,(anonymous_7)
DA:1,2
DA:2,2
DA:7,2
DA:10,2
DA:11,10
DA:14,2
DA:15,2
DA:19,2
DA:20,1
DA:24,1
DA:28,1
DA:32,1
DA:33,1
DA:35,1
DA:39,2
DA:40,2
DA:42,1
DA:43,1
DA:47,3
DA:48,3
DA:50,1
LF:21
LH:21
BRDA:19,0,0,1
BRDA:33,1,0,0
BRDA:40,2,0,1
BRDA:48,3,0,2
BRF:4
BRH:3
end_of_record
TN:
SF:src/modules/producer/dto/create.producer.dto.ts
FN:15,(anonymous_2)
FNF:1
FNH:0
FNDA:0,(anonymous_2)
DA:1,1
DA:2,1
DA:3,1
DA:4,1
DA:6,1
DA:9,1
DA:16,0
DA:17,0
DA:19,0
DA:22,1
LF:10
LH:7
BRDA:16,0,0,0
BRF:1
BRH:0
end_of_record
TN:
SF:src/modules/producer/dto/update.producer.dto.ts
FNF:0
FNH:0
DA:1,1
DA:2,1
DA:4,1
LF:3
LH:3
BRF:0
BRH:0
end_of_record
TN:
SF:src/modules/producer/entities/producer.entity.ts
FN:28,(anonymous_2)
FN:25,(anonymous_3)
FN:25,(anonymous_4)
FNF:3
FNH:0
FNDA:0,(anonymous_2)
FNDA:0,(anonymous_3)
FNDA:0,(anonymous_4)
DA:1,6
DA:2,6
DA:9,6
DA:12,6
DA:14,6
DA:17,6
DA:20,6
DA:23,6
DA:25,0
DA:26,6
DA:29,0
DA:30,0
LF:12
LH:9
BRDA:29,0,0,0
BRF:1
BRH:0
end_of_record
TN:
SF:src/modules/producer/repository/producer.repository.ts
FN:13,(anonymous_2)
FN:17,(anonymous_3)
FN:27,(anonymous_4)
FN:33,(anonymous_5)
FN:55,(anonymous_6)
FN:61,(anonymous_7)
FN:65,(anonymous_8)
FNF:7
FNH:0
FNDA:0,(anonymous_2)
FNDA:0,(anonymous_3)
FNDA:0,(anonymous_4)
FNDA:0,(anonymous_5)
FNDA:0,(anonymous_6)
FNDA:0,(anonymous_7)
FNDA:0,(anonymous_8)
DA:1,3
DA:2,3
DA:5,3
DA:9,3
DA:14,0
DA:18,0
DA:19,0
DA:20,0
DA:21,0
DA:23,0
DA:24,0
DA:28,0
DA:34,0
DA:56,0
DA:62,0
DA:66,0
LF:16
LH:4
BRF:0
BRH:0
end_of_record
TN:
SF:src/modules/states/entities/state.entity.ts
FN:15,(anonymous_2)
FN:15,(anonymous_3)
FNF:2
FNH:0
FNDA:0,(anonymous_2)
FNDA:0,(anonymous_3)
DA:1,6
DA:2,6
DA:5,6
DA:7,6
DA:10,6
DA:13,6
DA:15,0
DA:16,6
LF:8
LH:7
BRF:0
BRH:0
end_of_record
TN:
SF:src/validators/validator.docNumber.ts
FN:40,IsDOcNumber
FN:41,(anonymous_1)
FN:48,(anonymous_2)
FNF:3
FNH:2
FNDA:1,IsDOcNumber
FNDA:1,(anonymous_1)
FNDA:0,(anonymous_2)
DA:34,1
DA:40,1
DA:41,1
DA:42,1
DA:49,0
DA:50,0
DA:51,0
DA:53,0
DA:54,0
DA:57,0
DA:59,0
DA:60,0
DA:62,0
DA:65,0
DA:66,0
DA:69,0
DA:71,0
DA:72,0
DA:74,0
DA:76,0
DA:77,0
DA:79,0
DA:82,0
DA:83,0
DA:86,0
DA:89,0
DA:90,0
DA:91,0
DA:92,0
DA:96,0
DA:98,0
DA:99,0
DA:103,0
DA:105,0
DA:108,0
LF:35
LH:4
BRDA:50,0,0,0
BRDA:59,1,0,0
BRDA:59,1,1,0
BRDA:59,2,0,0
BRDA:59,2,1,0
BRDA:59,2,2,0
BRDA:65,3,0,0
BRDA:76,4,0,0
BRDA:76,4,1,0
BRDA:76,5,0,0
BRDA:76,5,1,0
BRDA:76,5,2,0
BRDA:82,6,0,0
BRDA:89,7,0,0
BRDA:96,8,0,0
BRDA:96,9,0,0
BRDA:96,9,1,0
BRDA:103,10,0,0
BRDA:103,11,0,0
BRDA:103,11,1,0
BRF:20
BRH:0
end_of_record
